2025-04-23T20:53:45.797-05:00  INFO 25132 --- [mental-health-chatbot] [restartedMain] c.e.m.MentalHealthChatbotApplication     : Starting MentalHealthChatbotApplication using Java 23.0.1 with PID 25132 (B:\mental-health-chatbot\mental-health-chatbot\target\classes started by start in B:\mental-health-chatbot\mental-health-chatbot)
2025-04-23T20:53:45.797-05:00 DEBUG 25132 --- [mental-health-chatbot] [restartedMain] c.e.m.MentalHealthChatbotApplication     : Running with Spring Boot v3.4.4, Spring v6.2.5
2025-04-23T20:53:45.798-05:00  INFO 25132 --- [mental-health-chatbot] [restartedMain] c.e.m.MentalHealthChatbotApplication     : No active profile set, falling back to 1 default profile: "default"
2025-04-23T20:53:45.968-05:00  INFO 25132 --- [mental-health-chatbot] [restartedMain] .s.d.r.c.RepositoryConfigurationDelegate : Multiple Spring Data modules found, entering strict repository configuration mode
2025-04-23T20:53:45.968-05:00  INFO 25132 --- [mental-health-chatbot] [restartedMain] .s.d.r.c.RepositoryConfigurationDelegate : Bootstrapping Spring Data JPA repositories in DEFAULT mode.
2025-04-23T20:53:45.979-05:00  INFO 25132 --- [mental-health-chatbot] [restartedMain] .s.d.r.c.RepositoryConfigurationDelegate : Finished Spring Data repository scanning in 10 ms. Found 2 JPA repository interfaces.
2025-04-23T20:53:46.054-05:00  INFO 25132 --- [mental-health-chatbot] [restartedMain] o.s.b.w.embedded.tomcat.TomcatWebServer  : Tomcat initialized with port 8081 (http)
2025-04-23T20:53:46.054-05:00  INFO 25132 --- [mental-health-chatbot] [restartedMain] o.apache.catalina.core.StandardService   : Starting service [Tomcat]
2025-04-23T20:53:46.054-05:00  INFO 25132 --- [mental-health-chatbot] [restartedMain] o.apache.catalina.core.StandardEngine    : Starting Servlet engine: [Apache Tomcat/10.1.39]
2025-04-23T20:53:46.088-05:00  INFO 25132 --- [mental-health-chatbot] [restartedMain] o.a.c.c.C.[Tomcat].[localhost].[/]       : Initializing Spring embedded WebApplicationContext
2025-04-23T20:53:46.088-05:00  INFO 25132 --- [mental-health-chatbot] [restartedMain] w.s.c.ServletWebServerApplicationContext : Root WebApplicationContext: initialization completed in 289 ms
2025-04-23T20:53:46.114-05:00  INFO 25132 --- [mental-health-chatbot] [restartedMain] o.hibernate.jpa.internal.util.LogHelper  : HHH000204: Processing PersistenceUnitInfo [name: default]
2025-04-23T20:53:46.117-05:00  INFO 25132 --- [mental-health-chatbot] [restartedMain] o.h.c.internal.RegionFactoryInitiator    : HHH000026: Second-level cache disabled
2025-04-23T20:53:46.123-05:00  INFO 25132 --- [mental-health-chatbot] [restartedMain] o.s.o.j.p.SpringPersistenceUnitInfo      : No LoadTimeWeaver setup: ignoring JPA class transformer
2025-04-23T20:53:46.124-05:00  INFO 25132 --- [mental-health-chatbot] [restartedMain] com.zaxxer.hikari.HikariDataSource       : HikariPool-2 - Starting...
2025-04-23T20:53:46.125-05:00  INFO 25132 --- [mental-health-chatbot] [restartedMain] com.zaxxer.hikari.pool.HikariPool        : HikariPool-2 - Added connection conn10: url=jdbc:h2:file:./data/testdb user=SA
2025-04-23T20:53:46.125-05:00  INFO 25132 --- [mental-health-chatbot] [restartedMain] com.zaxxer.hikari.HikariDataSource       : HikariPool-2 - Start completed.
2025-04-23T20:53:46.126-05:00  WARN 25132 --- [mental-health-chatbot] [restartedMain] org.hibernate.orm.deprecation            : HHH90000025: H2Dialect does not need to be specified explicitly using 'hibernate.dialect' (remove the property setting and it will be selected by default)
2025-04-23T20:53:46.126-05:00  INFO 25132 --- [mental-health-chatbot] [restartedMain] org.hibernate.orm.connections.pooling    : HHH10001005: Database info:
	Database JDBC URL [Connecting through datasource 'HikariDataSource (HikariPool-2)']
	Database driver: undefined/unknown
	Database version: 2.3.232
	Autocommit mode: undefined/unknown
	Isolation level: undefined/unknown
	Minimum pool size: undefined/unknown
	Maximum pool size: undefined/unknown
2025-04-23T20:53:46.174-05:00  INFO 25132 --- [mental-health-chatbot] [restartedMain] o.h.e.t.j.p.i.JtaPlatformInitiator       : HHH000489: No JTA platform available (set 'hibernate.transaction.jta.platform' to enable JTA platform integration)
2025-04-23T20:53:46.175-05:00  INFO 25132 --- [mental-health-chatbot] [restartedMain] j.LocalContainerEntityManagerFactoryBean : Initialized JPA EntityManagerFactory for persistence unit 'default'
2025-04-23T20:53:46.223-05:00  WARN 25132 --- [mental-health-chatbot] [restartedMain] JpaBaseConfiguration$JpaWebConfiguration : spring.jpa.open-in-view is enabled by default. Therefore, database queries may be performed during view rendering. Explicitly configure spring.jpa.open-in-view to disable this warning
2025-04-23T20:53:46.227-05:00  INFO 25132 --- [mental-health-chatbot] [restartedMain] eAuthenticationProviderManagerConfigurer : Global AuthenticationManager configured with AuthenticationProvider bean with name customAuthenticationProvider
2025-04-23T20:53:46.227-05:00  WARN 25132 --- [mental-health-chatbot] [restartedMain] r$InitializeUserDetailsManagerConfigurer : Global AuthenticationManager configured with an AuthenticationProvider bean. UserDetailsService beans will not be used by Spring Security for automatically configuring username/password login. Consider removing the AuthenticationProvider bean. Alternatively, consider using the UserDetailsService in a manually instantiated DaoAuthenticationProvider. If the current configuration is intentional, to turn off this warning, increase the logging level of 'org.springframework.security.config.annotation.authentication.configuration.InitializeUserDetailsBeanManagerConfigurer' to ERROR
2025-04-23T20:53:46.234-05:00  INFO 25132 --- [mental-health-chatbot] [restartedMain] o.s.b.a.w.s.WelcomePageHandlerMapping    : Adding welcome page template: index
2025-04-23T20:53:46.242-05:00 DEBUG 25132 --- [mental-health-chatbot] [restartedMain] s.w.s.m.m.a.RequestMappingHandlerMapping : 13 mappings in 'requestMappingHandlerMapping'
2025-04-23T20:53:46.262-05:00 DEBUG 25132 --- [mental-health-chatbot] [restartedMain] o.s.w.s.handler.SimpleUrlHandlerMapping  : Patterns [/webjars/**, /**] in 'resourceHandlerMapping'
2025-04-23T20:53:46.289-05:00 DEBUG 25132 --- [mental-health-chatbot] [restartedMain] s.w.s.m.m.a.RequestMappingHandlerAdapter : ControllerAdvice beans: 0 @ModelAttribute, 0 @InitBinder, 1 RequestBodyAdvice, 1 ResponseBodyAdvice
2025-04-23T20:53:46.299-05:00 DEBUG 25132 --- [mental-health-chatbot] [restartedMain] .m.m.a.ExceptionHandlerExceptionResolver : ControllerAdvice beans: 0 @ExceptionHandler, 1 ResponseBodyAdvice
2025-04-23T20:53:46.333-05:00  INFO 25132 --- [mental-health-chatbot] [restartedMain] o.s.b.a.h2.H2ConsoleAutoConfiguration    : H2 console available at '/h2-console'. Database available at 'jdbc:h2:file:./data/testdb'
2025-04-23T20:53:46.338-05:00  INFO 25132 --- [mental-health-chatbot] [restartedMain] o.s.b.d.a.OptionalLiveReloadServer       : LiveReload server is running on port 35729
2025-04-23T20:53:46.358-05:00  INFO 25132 --- [mental-health-chatbot] [restartedMain] o.s.b.w.embedded.tomcat.TomcatWebServer  : Tomcat started on port 8081 (http) with context path '/'
2025-04-23T20:53:46.362-05:00  INFO 25132 --- [mental-health-chatbot] [restartedMain] c.e.m.MentalHealthChatbotApplication     : Started MentalHealthChatbotApplication in 0.601 seconds (process running for 175.782)
2025-04-23T20:53:46.365-05:00  INFO 25132 --- [mental-health-chatbot] [restartedMain] .ConditionEvaluationDeltaLoggingListener : Condition evaluation unchanged
2025-04-23T20:53:57.856-05:00  INFO 25132 --- [mental-health-chatbot] [File Watcher] rtingClassPathChangeChangedEventListener : Restarting due to 1 class path change (0 additions, 0 deletions, 1 modification)
2025-04-23T20:53:57.857-05:00  INFO 25132 --- [mental-health-chatbot] [Thread-22] o.s.b.w.e.tomcat.GracefulShutdown        : Commencing graceful shutdown. Waiting for active requests to complete
2025-04-23T20:53:57.860-05:00  INFO 25132 --- [mental-health-chatbot] [tomcat-shutdown] o.s.b.w.e.tomcat.GracefulShutdown        : Graceful shutdown complete
2025-04-23T20:53:57.864-05:00  INFO 25132 --- [mental-health-chatbot] [Thread-22] j.LocalContainerEntityManagerFactoryBean : Closing JPA EntityManagerFactory for persistence unit 'default'
2025-04-23T20:53:57.864-05:00  INFO 25132 --- [mental-health-chatbot] [Thread-22] com.zaxxer.hikari.HikariDataSource       : HikariPool-2 - Shutdown initiated...
2025-04-23T20:53:57.865-05:00  INFO 25132 --- [mental-health-chatbot] [Thread-22] com.zaxxer.hikari.HikariDataSource       : HikariPool-2 - Shutdown completed.
2025-04-23T20:53:57.919-05:00  INFO 25132 --- [mental-health-chatbot] [restartedMain] c.e.m.MentalHealthChatbotApplication     : Starting MentalHealthChatbotApplication using Java 23.0.1 with PID 25132 (B:\mental-health-chatbot\mental-health-chatbot\target\classes started by start in B:\mental-health-chatbot\mental-health-chatbot)
2025-04-23T20:53:57.919-05:00 DEBUG 25132 --- [mental-health-chatbot] [restartedMain] c.e.m.MentalHealthChatbotApplication     : Running with Spring Boot v3.4.4, Spring v6.2.5
2025-04-23T20:53:57.919-05:00  INFO 25132 --- [mental-health-chatbot] [restartedMain] c.e.m.MentalHealthChatbotApplication     : No active profile set, falling back to 1 default profile: "default"
2025-04-23T20:53:58.055-05:00  INFO 25132 --- [mental-health-chatbot] [restartedMain] .s.d.r.c.RepositoryConfigurationDelegate : Multiple Spring Data modules found, entering strict repository configuration mode
2025-04-23T20:53:58.055-05:00  INFO 25132 --- [mental-health-chatbot] [restartedMain] .s.d.r.c.RepositoryConfigurationDelegate : Bootstrapping Spring Data JPA repositories in DEFAULT mode.
2025-04-23T20:53:58.066-05:00  INFO 25132 --- [mental-health-chatbot] [restartedMain] .s.d.r.c.RepositoryConfigurationDelegate : Finished Spring Data repository scanning in 9 ms. Found 2 JPA repository interfaces.
2025-04-23T20:53:58.129-05:00  INFO 25132 --- [mental-health-chatbot] [restartedMain] o.s.b.w.embedded.tomcat.TomcatWebServer  : Tomcat initialized with port 8081 (http)
2025-04-23T20:53:58.129-05:00  INFO 25132 --- [mental-health-chatbot] [restartedMain] o.apache.catalina.core.StandardService   : Starting service [Tomcat]
2025-04-23T20:53:58.129-05:00  INFO 25132 --- [mental-health-chatbot] [restartedMain] o.apache.catalina.core.StandardEngine    : Starting Servlet engine: [Apache Tomcat/10.1.39]
2025-04-23T20:53:58.160-05:00  INFO 25132 --- [mental-health-chatbot] [restartedMain] o.a.c.c.C.[Tomcat].[localhost].[/]       : Initializing Spring embedded WebApplicationContext
2025-04-23T20:53:58.160-05:00  INFO 25132 --- [mental-health-chatbot] [restartedMain] w.s.c.ServletWebServerApplicationContext : Root WebApplicationContext: initialization completed in 240 ms
2025-04-23T20:53:58.186-05:00  INFO 25132 --- [mental-health-chatbot] [restartedMain] o.hibernate.jpa.internal.util.LogHelper  : HHH000204: Processing PersistenceUnitInfo [name: default]
2025-04-23T20:53:58.188-05:00  INFO 25132 --- [mental-health-chatbot] [restartedMain] o.h.c.internal.RegionFactoryInitiator    : HHH000026: Second-level cache disabled
2025-04-23T20:53:58.194-05:00  INFO 25132 --- [mental-health-chatbot] [restartedMain] o.s.o.j.p.SpringPersistenceUnitInfo      : No LoadTimeWeaver setup: ignoring JPA class transformer
2025-04-23T20:53:58.195-05:00  INFO 25132 --- [mental-health-chatbot] [restartedMain] com.zaxxer.hikari.HikariDataSource       : HikariPool-3 - Starting...
2025-04-23T20:53:58.196-05:00  INFO 25132 --- [mental-health-chatbot] [restartedMain] com.zaxxer.hikari.pool.HikariPool        : HikariPool-3 - Added connection conn20: url=jdbc:h2:file:./data/testdb user=SA
2025-04-23T20:53:58.196-05:00  INFO 25132 --- [mental-health-chatbot] [restartedMain] com.zaxxer.hikari.HikariDataSource       : HikariPool-3 - Start completed.
2025-04-23T20:53:58.196-05:00  WARN 25132 --- [mental-health-chatbot] [restartedMain] org.hibernate.orm.deprecation            : HHH90000025: H2Dialect does not need to be specified explicitly using 'hibernate.dialect' (remove the property setting and it will be selected by default)
2025-04-23T20:53:58.197-05:00  INFO 25132 --- [mental-health-chatbot] [restartedMain] org.hibernate.orm.connections.pooling    : HHH10001005: Database info:
	Database JDBC URL [Connecting through datasource 'HikariDataSource (HikariPool-3)']
	Database driver: undefined/unknown
	Database version: 2.3.232
	Autocommit mode: undefined/unknown
	Isolation level: undefined/unknown
	Minimum pool size: undefined/unknown
	Maximum pool size: undefined/unknown
2025-04-23T20:53:58.231-05:00  INFO 25132 --- [mental-health-chatbot] [restartedMain] o.h.e.t.j.p.i.JtaPlatformInitiator       : HHH000489: No JTA platform available (set 'hibernate.transaction.jta.platform' to enable JTA platform integration)
2025-04-23T20:53:58.233-05:00  INFO 25132 --- [mental-health-chatbot] [restartedMain] j.LocalContainerEntityManagerFactoryBean : Initialized JPA EntityManagerFactory for persistence unit 'default'
2025-04-23T20:53:58.273-05:00  WARN 25132 --- [mental-health-chatbot] [restartedMain] JpaBaseConfiguration$JpaWebConfiguration : spring.jpa.open-in-view is enabled by default. Therefore, database queries may be performed during view rendering. Explicitly configure spring.jpa.open-in-view to disable this warning
2025-04-23T20:53:58.277-05:00  INFO 25132 --- [mental-health-chatbot] [restartedMain] eAuthenticationProviderManagerConfigurer : Global AuthenticationManager configured with AuthenticationProvider bean with name customAuthenticationProvider
2025-04-23T20:53:58.277-05:00  WARN 25132 --- [mental-health-chatbot] [restartedMain] r$InitializeUserDetailsManagerConfigurer : Global AuthenticationManager configured with an AuthenticationProvider bean. UserDetailsService beans will not be used by Spring Security for automatically configuring username/password login. Consider removing the AuthenticationProvider bean. Alternatively, consider using the UserDetailsService in a manually instantiated DaoAuthenticationProvider. If the current configuration is intentional, to turn off this warning, increase the logging level of 'org.springframework.security.config.annotation.authentication.configuration.InitializeUserDetailsBeanManagerConfigurer' to ERROR
2025-04-23T20:53:58.287-05:00  INFO 25132 --- [mental-health-chatbot] [restartedMain] o.s.b.a.w.s.WelcomePageHandlerMapping    : Adding welcome page template: index
2025-04-23T20:53:58.294-05:00 DEBUG 25132 --- [mental-health-chatbot] [restartedMain] s.w.s.m.m.a.RequestMappingHandlerMapping : 13 mappings in 'requestMappingHandlerMapping'
2025-04-23T20:53:58.313-05:00 DEBUG 25132 --- [mental-health-chatbot] [restartedMain] o.s.w.s.handler.SimpleUrlHandlerMapping  : Patterns [/webjars/**, /**] in 'resourceHandlerMapping'
2025-04-23T20:53:58.341-05:00 DEBUG 25132 --- [mental-health-chatbot] [restartedMain] s.w.s.m.m.a.RequestMappingHandlerAdapter : ControllerAdvice beans: 0 @ModelAttribute, 0 @InitBinder, 1 RequestBodyAdvice, 1 ResponseBodyAdvice
2025-04-23T20:53:58.350-05:00 DEBUG 25132 --- [mental-health-chatbot] [restartedMain] .m.m.a.ExceptionHandlerExceptionResolver : ControllerAdvice beans: 0 @ExceptionHandler, 1 ResponseBodyAdvice
2025-04-23T20:53:58.378-05:00  INFO 25132 --- [mental-health-chatbot] [restartedMain] o.s.b.a.h2.H2ConsoleAutoConfiguration    : H2 console available at '/h2-console'. Database available at 'jdbc:h2:file:./data/testdb'
2025-04-23T20:53:58.386-05:00  INFO 25132 --- [mental-health-chatbot] [restartedMain] o.s.b.d.a.OptionalLiveReloadServer       : LiveReload server is running on port 35729
2025-04-23T20:53:58.412-05:00  INFO 25132 --- [mental-health-chatbot] [restartedMain] o.s.b.w.embedded.tomcat.TomcatWebServer  : Tomcat started on port 8081 (http) with context path '/'
2025-04-23T20:53:58.414-05:00  INFO 25132 --- [mental-health-chatbot] [restartedMain] c.e.m.MentalHealthChatbotApplication     : Started MentalHealthChatbotApplication in 0.515 seconds (process running for 187.834)
2025-04-23T20:53:58.414-05:00  INFO 25132 --- [mental-health-chatbot] [restartedMain] .ConditionEvaluationDeltaLoggingListener : Condition evaluation unchanged
2025-04-23T20:54:16.347-05:00  INFO 25132 --- [mental-health-chatbot] [SpringApplicationShutdownHook] o.s.b.w.e.tomcat.GracefulShutdown        : Commencing graceful shutdown. Waiting for active requests to complete
2025-04-23T20:54:16.351-05:00  INFO 25132 --- [mental-health-chatbot] [tomcat-shutdown] o.s.b.w.e.tomcat.GracefulShutdown        : Graceful shutdown complete
2025-04-23T20:54:16.354-05:00  INFO 25132 --- [mental-health-chatbot] [SpringApplicationShutdownHook] j.LocalContainerEntityManagerFactoryBean : Closing JPA EntityManagerFactory for persistence unit 'default'
2025-04-23T20:54:16.354-05:00  INFO 25132 --- [mental-health-chatbot] [SpringApplicationShutdownHook] com.zaxxer.hikari.HikariDataSource       : HikariPool-3 - Shutdown initiated...
2025-04-23T20:54:16.354-05:00  INFO 25132 --- [mental-health-chatbot] [SpringApplicationShutdownHook] com.zaxxer.hikari.HikariDataSource       : HikariPool-3 - Shutdown completed.
2025-04-23T20:54:18.351-05:00  INFO 9720 --- [mental-health-chatbot] [restartedMain] c.e.m.MentalHealthChatbotApplication     : Starting MentalHealthChatbotApplication using Java 23.0.1 with PID 9720 (B:\mental-health-chatbot\mental-health-chatbot\target\classes started by start in B:\mental-health-chatbot\mental-health-chatbot)
2025-04-23T20:54:18.353-05:00 DEBUG 9720 --- [mental-health-chatbot] [restartedMain] c.e.m.MentalHealthChatbotApplication     : Running with Spring Boot v3.4.4, Spring v6.2.5
2025-04-23T20:54:18.353-05:00  INFO 9720 --- [mental-health-chatbot] [restartedMain] c.e.m.MentalHealthChatbotApplication     : No active profile set, falling back to 1 default profile: "default"
2025-04-23T20:54:18.386-05:00  INFO 9720 --- [mental-health-chatbot] [restartedMain] .e.DevToolsPropertyDefaultsPostProcessor : Devtools property defaults active! Set 'spring.devtools.add-properties' to 'false' to disable
2025-04-23T20:54:18.387-05:00  INFO 9720 --- [mental-health-chatbot] [restartedMain] .e.DevToolsPropertyDefaultsPostProcessor : For additional web related logging consider setting the 'logging.level.web' property to 'DEBUG'
2025-04-23T20:54:18.913-05:00  INFO 9720 --- [mental-health-chatbot] [restartedMain] .s.d.r.c.RepositoryConfigurationDelegate : Multiple Spring Data modules found, entering strict repository configuration mode
2025-04-23T20:54:18.914-05:00  INFO 9720 --- [mental-health-chatbot] [restartedMain] .s.d.r.c.RepositoryConfigurationDelegate : Bootstrapping Spring Data JPA repositories in DEFAULT mode.
2025-04-23T20:54:19.009-05:00  INFO 9720 --- [mental-health-chatbot] [restartedMain] .s.d.r.c.RepositoryConfigurationDelegate : Finished Spring Data repository scanning in 89 ms. Found 2 JPA repository interfaces.
2025-04-23T20:54:19.422-05:00  INFO 9720 --- [mental-health-chatbot] [restartedMain] o.s.b.w.embedded.tomcat.TomcatWebServer  : Tomcat initialized with port 8081 (http)
2025-04-23T20:54:19.432-05:00  INFO 9720 --- [mental-health-chatbot] [restartedMain] o.apache.catalina.core.StandardService   : Starting service [Tomcat]
2025-04-23T20:54:19.433-05:00  INFO 9720 --- [mental-health-chatbot] [restartedMain] o.apache.catalina.core.StandardEngine    : Starting Servlet engine: [Apache Tomcat/10.1.39]
2025-04-23T20:54:19.494-05:00  INFO 9720 --- [mental-health-chatbot] [restartedMain] o.a.c.c.C.[Tomcat].[localhost].[/]       : Initializing Spring embedded WebApplicationContext
2025-04-23T20:54:19.495-05:00  INFO 9720 --- [mental-health-chatbot] [restartedMain] w.s.c.ServletWebServerApplicationContext : Root WebApplicationContext: initialization completed in 1107 ms
2025-04-23T20:54:19.615-05:00  INFO 9720 --- [mental-health-chatbot] [restartedMain] o.hibernate.jpa.internal.util.LogHelper  : HHH000204: Processing PersistenceUnitInfo [name: default]
2025-04-23T20:54:19.666-05:00  INFO 9720 --- [mental-health-chatbot] [restartedMain] org.hibernate.Version                    : HHH000412: Hibernate ORM core version 6.6.11.Final
2025-04-23T20:54:19.695-05:00  INFO 9720 --- [mental-health-chatbot] [restartedMain] o.h.c.internal.RegionFactoryInitiator    : HHH000026: Second-level cache disabled
2025-04-23T20:54:19.900-05:00  INFO 9720 --- [mental-health-chatbot] [restartedMain] o.s.o.j.p.SpringPersistenceUnitInfo      : No LoadTimeWeaver setup: ignoring JPA class transformer
2025-04-23T20:54:19.924-05:00  INFO 9720 --- [mental-health-chatbot] [restartedMain] com.zaxxer.hikari.HikariDataSource       : HikariPool-1 - Starting...
2025-04-23T20:54:20.094-05:00  INFO 9720 --- [mental-health-chatbot] [restartedMain] com.zaxxer.hikari.pool.HikariPool        : HikariPool-1 - Added connection conn0: url=jdbc:h2:file:./data/testdb user=SA
2025-04-23T20:54:20.096-05:00  INFO 9720 --- [mental-health-chatbot] [restartedMain] com.zaxxer.hikari.HikariDataSource       : HikariPool-1 - Start completed.
2025-04-23T20:54:20.116-05:00  WARN 9720 --- [mental-health-chatbot] [restartedMain] org.hibernate.orm.deprecation            : HHH90000025: H2Dialect does not need to be specified explicitly using 'hibernate.dialect' (remove the property setting and it will be selected by default)
2025-04-23T20:54:20.133-05:00  INFO 9720 --- [mental-health-chatbot] [restartedMain] org.hibernate.orm.connections.pooling    : HHH10001005: Database info:
	Database JDBC URL [Connecting through datasource 'HikariDataSource (HikariPool-1)']
	Database driver: undefined/unknown
	Database version: 2.3.232
	Autocommit mode: undefined/unknown
	Isolation level: undefined/unknown
	Minimum pool size: undefined/unknown
	Maximum pool size: undefined/unknown
2025-04-23T20:54:20.735-05:00  INFO 9720 --- [mental-health-chatbot] [restartedMain] o.h.e.t.j.p.i.JtaPlatformInitiator       : HHH000489: No JTA platform available (set 'hibernate.transaction.jta.platform' to enable JTA platform integration)
2025-04-23T20:54:20.770-05:00  INFO 9720 --- [mental-health-chatbot] [restartedMain] j.LocalContainerEntityManagerFactoryBean : Initialized JPA EntityManagerFactory for persistence unit 'default'
2025-04-23T20:54:20.979-05:00  WARN 9720 --- [mental-health-chatbot] [restartedMain] JpaBaseConfiguration$JpaWebConfiguration : spring.jpa.open-in-view is enabled by default. Therefore, database queries may be performed during view rendering. Explicitly configure spring.jpa.open-in-view to disable this warning
2025-04-23T20:54:20.988-05:00  INFO 9720 --- [mental-health-chatbot] [restartedMain] eAuthenticationProviderManagerConfigurer : Global AuthenticationManager configured with AuthenticationProvider bean with name customAuthenticationProvider
2025-04-23T20:54:20.988-05:00  WARN 9720 --- [mental-health-chatbot] [restartedMain] r$InitializeUserDetailsManagerConfigurer : Global AuthenticationManager configured with an AuthenticationProvider bean. UserDetailsService beans will not be used by Spring Security for automatically configuring username/password login. Consider removing the AuthenticationProvider bean. Alternatively, consider using the UserDetailsService in a manually instantiated DaoAuthenticationProvider. If the current configuration is intentional, to turn off this warning, increase the logging level of 'org.springframework.security.config.annotation.authentication.configuration.InitializeUserDetailsBeanManagerConfigurer' to ERROR
2025-04-23T20:54:21.040-05:00  INFO 9720 --- [mental-health-chatbot] [restartedMain] o.s.b.a.w.s.WelcomePageHandlerMapping    : Adding welcome page template: index
2025-04-23T20:54:21.075-05:00 DEBUG 9720 --- [mental-health-chatbot] [restartedMain] s.w.s.m.m.a.RequestMappingHandlerMapping : 13 mappings in 'requestMappingHandlerMapping'
2025-04-23T20:54:21.122-05:00 DEBUG 9720 --- [mental-health-chatbot] [restartedMain] o.s.w.s.handler.SimpleUrlHandlerMapping  : Patterns [/webjars/**, /**] in 'resourceHandlerMapping'
2025-04-23T20:54:21.206-05:00 DEBUG 9720 --- [mental-health-chatbot] [restartedMain] s.w.s.m.m.a.RequestMappingHandlerAdapter : ControllerAdvice beans: 0 @ModelAttribute, 0 @InitBinder, 1 RequestBodyAdvice, 1 ResponseBodyAdvice
2025-04-23T20:54:21.255-05:00 DEBUG 9720 --- [mental-health-chatbot] [restartedMain] .m.m.a.ExceptionHandlerExceptionResolver : ControllerAdvice beans: 0 @ExceptionHandler, 1 ResponseBodyAdvice
2025-04-23T20:54:21.457-05:00  INFO 9720 --- [mental-health-chatbot] [restartedMain] o.s.b.a.h2.H2ConsoleAutoConfiguration    : H2 console available at '/h2-console'. Database available at 'jdbc:h2:file:./data/testdb'
2025-04-23T20:54:21.477-05:00  INFO 9720 --- [mental-health-chatbot] [restartedMain] o.s.b.d.a.OptionalLiveReloadServer       : LiveReload server is running on port 35729
2025-04-23T20:54:21.574-05:00  INFO 9720 --- [mental-health-chatbot] [restartedMain] o.s.b.w.embedded.tomcat.TomcatWebServer  : Tomcat started on port 8081 (http) with context path '/'
2025-04-23T20:54:21.580-05:00  INFO 9720 --- [mental-health-chatbot] [restartedMain] c.e.m.MentalHealthChatbotApplication     : Started MentalHealthChatbotApplication in 3.514 seconds (process running for 4.164)
2025-04-23T20:56:24.443-05:00  INFO 9720 --- [mental-health-chatbot] [File Watcher] rtingClassPathChangeChangedEventListener : Restarting due to 1 class path change (0 additions, 0 deletions, 1 modification)
2025-04-23T20:56:24.446-05:00  INFO 9720 --- [mental-health-chatbot] [Thread-8] o.s.b.w.e.tomcat.GracefulShutdown        : Commencing graceful shutdown. Waiting for active requests to complete
2025-04-23T20:56:24.451-05:00  INFO 9720 --- [mental-health-chatbot] [tomcat-shutdown] o.s.b.w.e.tomcat.GracefulShutdown        : Graceful shutdown complete
2025-04-23T20:56:24.471-05:00  INFO 9720 --- [mental-health-chatbot] [Thread-8] j.LocalContainerEntityManagerFactoryBean : Closing JPA EntityManagerFactory for persistence unit 'default'
2025-04-23T20:56:24.473-05:00  INFO 9720 --- [mental-health-chatbot] [Thread-8] com.zaxxer.hikari.HikariDataSource       : HikariPool-1 - Shutdown initiated...
2025-04-23T20:56:24.474-05:00  INFO 9720 --- [mental-health-chatbot] [Thread-8] com.zaxxer.hikari.HikariDataSource       : HikariPool-1 - Shutdown completed.
2025-04-23T20:56:24.544-05:00  INFO 9720 --- [mental-health-chatbot] [restartedMain] c.e.m.MentalHealthChatbotApplication     : Starting MentalHealthChatbotApplication using Java 23.0.1 with PID 9720 (B:\mental-health-chatbot\mental-health-chatbot\target\classes started by start in B:\mental-health-chatbot\mental-health-chatbot)
2025-04-23T20:56:24.545-05:00 DEBUG 9720 --- [mental-health-chatbot] [restartedMain] c.e.m.MentalHealthChatbotApplication     : Running with Spring Boot v3.4.4, Spring v6.2.5
2025-04-23T20:56:24.545-05:00  INFO 9720 --- [mental-health-chatbot] [restartedMain] c.e.m.MentalHealthChatbotApplication     : No active profile set, falling back to 1 default profile: "default"
2025-04-23T20:56:24.713-05:00  INFO 9720 --- [mental-health-chatbot] [restartedMain] .s.d.r.c.RepositoryConfigurationDelegate : Multiple Spring Data modules found, entering strict repository configuration mode
2025-04-23T20:56:24.714-05:00  INFO 9720 --- [mental-health-chatbot] [restartedMain] .s.d.r.c.RepositoryConfigurationDelegate : Bootstrapping Spring Data JPA repositories in DEFAULT mode.
2025-04-23T20:56:24.723-05:00  INFO 9720 --- [mental-health-chatbot] [restartedMain] .s.d.r.c.RepositoryConfigurationDelegate : Finished Spring Data repository scanning in 7 ms. Found 2 JPA repository interfaces.
2025-04-23T20:56:24.804-05:00  INFO 9720 --- [mental-health-chatbot] [restartedMain] o.s.b.w.embedded.tomcat.TomcatWebServer  : Tomcat initialized with port 8081 (http)
2025-04-23T20:56:24.806-05:00  INFO 9720 --- [mental-health-chatbot] [restartedMain] o.apache.catalina.core.StandardService   : Starting service [Tomcat]
2025-04-23T20:56:24.806-05:00  INFO 9720 --- [mental-health-chatbot] [restartedMain] o.apache.catalina.core.StandardEngine    : Starting Servlet engine: [Apache Tomcat/10.1.39]
2025-04-23T20:56:24.836-05:00  INFO 9720 --- [mental-health-chatbot] [restartedMain] o.a.c.c.C.[Tomcat].[localhost].[/]       : Initializing Spring embedded WebApplicationContext
2025-04-23T20:56:24.836-05:00  INFO 9720 --- [mental-health-chatbot] [restartedMain] w.s.c.ServletWebServerApplicationContext : Root WebApplicationContext: initialization completed in 289 ms
2025-04-23T20:56:24.864-05:00  INFO 9720 --- [mental-health-chatbot] [restartedMain] o.hibernate.jpa.internal.util.LogHelper  : HHH000204: Processing PersistenceUnitInfo [name: default]
2025-04-23T20:56:24.866-05:00  INFO 9720 --- [mental-health-chatbot] [restartedMain] o.h.c.internal.RegionFactoryInitiator    : HHH000026: Second-level cache disabled
2025-04-23T20:56:24.872-05:00  INFO 9720 --- [mental-health-chatbot] [restartedMain] o.s.o.j.p.SpringPersistenceUnitInfo      : No LoadTimeWeaver setup: ignoring JPA class transformer
2025-04-23T20:56:24.873-05:00  INFO 9720 --- [mental-health-chatbot] [restartedMain] com.zaxxer.hikari.HikariDataSource       : HikariPool-2 - Starting...
2025-04-23T20:56:24.874-05:00  INFO 9720 --- [mental-health-chatbot] [restartedMain] com.zaxxer.hikari.pool.HikariPool        : HikariPool-2 - Added connection conn10: url=jdbc:h2:file:./data/testdb user=SA
2025-04-23T20:56:24.874-05:00  INFO 9720 --- [mental-health-chatbot] [restartedMain] com.zaxxer.hikari.HikariDataSource       : HikariPool-2 - Start completed.
2025-04-23T20:56:24.875-05:00  WARN 9720 --- [mental-health-chatbot] [restartedMain] org.hibernate.orm.deprecation            : HHH90000025: H2Dialect does not need to be specified explicitly using 'hibernate.dialect' (remove the property setting and it will be selected by default)
2025-04-23T20:56:24.875-05:00  INFO 9720 --- [mental-health-chatbot] [restartedMain] org.hibernate.orm.connections.pooling    : HHH10001005: Database info:
	Database JDBC URL [Connecting through datasource 'HikariDataSource (HikariPool-2)']
	Database driver: undefined/unknown
	Database version: 2.3.232
	Autocommit mode: undefined/unknown
	Isolation level: undefined/unknown
	Minimum pool size: undefined/unknown
	Maximum pool size: undefined/unknown
2025-04-23T20:56:24.910-05:00  INFO 9720 --- [mental-health-chatbot] [restartedMain] o.h.e.t.j.p.i.JtaPlatformInitiator       : HHH000489: No JTA platform available (set 'hibernate.transaction.jta.platform' to enable JTA platform integration)
2025-04-23T20:56:24.912-05:00  INFO 9720 --- [mental-health-chatbot] [restartedMain] j.LocalContainerEntityManagerFactoryBean : Initialized JPA EntityManagerFactory for persistence unit 'default'
2025-04-23T20:56:24.955-05:00  WARN 9720 --- [mental-health-chatbot] [restartedMain] JpaBaseConfiguration$JpaWebConfiguration : spring.jpa.open-in-view is enabled by default. Therefore, database queries may be performed during view rendering. Explicitly configure spring.jpa.open-in-view to disable this warning
2025-04-23T20:56:24.958-05:00  INFO 9720 --- [mental-health-chatbot] [restartedMain] eAuthenticationProviderManagerConfigurer : Global AuthenticationManager configured with AuthenticationProvider bean with name customAuthenticationProvider
2025-04-23T20:56:24.959-05:00  WARN 9720 --- [mental-health-chatbot] [restartedMain] r$InitializeUserDetailsManagerConfigurer : Global AuthenticationManager configured with an AuthenticationProvider bean. UserDetailsService beans will not be used by Spring Security for automatically configuring username/password login. Consider removing the AuthenticationProvider bean. Alternatively, consider using the UserDetailsService in a manually instantiated DaoAuthenticationProvider. If the current configuration is intentional, to turn off this warning, increase the logging level of 'org.springframework.security.config.annotation.authentication.configuration.InitializeUserDetailsBeanManagerConfigurer' to ERROR
2025-04-23T20:56:24.965-05:00  INFO 9720 --- [mental-health-chatbot] [restartedMain] o.s.b.a.w.s.WelcomePageHandlerMapping    : Adding welcome page template: index
2025-04-23T20:56:24.972-05:00 DEBUG 9720 --- [mental-health-chatbot] [restartedMain] s.w.s.m.m.a.RequestMappingHandlerMapping : 13 mappings in 'requestMappingHandlerMapping'
2025-04-23T20:56:24.995-05:00 DEBUG 9720 --- [mental-health-chatbot] [restartedMain] o.s.w.s.handler.SimpleUrlHandlerMapping  : Patterns [/webjars/**, /**] in 'resourceHandlerMapping'
2025-04-23T20:56:25.023-05:00 DEBUG 9720 --- [mental-health-chatbot] [restartedMain] s.w.s.m.m.a.RequestMappingHandlerAdapter : ControllerAdvice beans: 0 @ModelAttribute, 0 @InitBinder, 1 RequestBodyAdvice, 1 ResponseBodyAdvice
2025-04-23T20:56:25.032-05:00 DEBUG 9720 --- [mental-health-chatbot] [restartedMain] .m.m.a.ExceptionHandlerExceptionResolver : ControllerAdvice beans: 0 @ExceptionHandler, 1 ResponseBodyAdvice
2025-04-23T20:56:25.061-05:00  INFO 9720 --- [mental-health-chatbot] [restartedMain] o.s.b.a.h2.H2ConsoleAutoConfiguration    : H2 console available at '/h2-console'. Database available at 'jdbc:h2:file:./data/testdb'
2025-04-23T20:56:25.065-05:00  INFO 9720 --- [mental-health-chatbot] [restartedMain] o.s.b.d.a.OptionalLiveReloadServer       : LiveReload server is running on port 35729
2025-04-23T20:56:25.086-05:00  INFO 9720 --- [mental-health-chatbot] [restartedMain] o.s.b.w.embedded.tomcat.TomcatWebServer  : Tomcat started on port 8081 (http) with context path '/'
2025-04-23T20:56:25.088-05:00  INFO 9720 --- [mental-health-chatbot] [restartedMain] c.e.m.MentalHealthChatbotApplication     : Started MentalHealthChatbotApplication in 0.566 seconds (process running for 127.673)
2025-04-23T20:56:25.089-05:00  INFO 9720 --- [mental-health-chatbot] [restartedMain] .ConditionEvaluationDeltaLoggingListener : Condition evaluation unchanged
2025-04-23T20:56:32.909-05:00  INFO 9720 --- [mental-health-chatbot] [File Watcher] rtingClassPathChangeChangedEventListener : Restarting due to 1 class path change (0 additions, 0 deletions, 1 modification)
2025-04-23T20:56:32.910-05:00  INFO 9720 --- [mental-health-chatbot] [Thread-22] o.s.b.w.e.tomcat.GracefulShutdown        : Commencing graceful shutdown. Waiting for active requests to complete
2025-04-23T20:56:32.913-05:00  INFO 9720 --- [mental-health-chatbot] [tomcat-shutdown] o.s.b.w.e.tomcat.GracefulShutdown        : Graceful shutdown complete
2025-04-23T20:56:32.919-05:00  INFO 9720 --- [mental-health-chatbot] [Thread-22] j.LocalContainerEntityManagerFactoryBean : Closing JPA EntityManagerFactory for persistence unit 'default'
2025-04-23T20:56:32.919-05:00  INFO 9720 --- [mental-health-chatbot] [Thread-22] com.zaxxer.hikari.HikariDataSource       : HikariPool-2 - Shutdown initiated...
2025-04-23T20:56:32.920-05:00  INFO 9720 --- [mental-health-chatbot] [Thread-22] com.zaxxer.hikari.HikariDataSource       : HikariPool-2 - Shutdown completed.
2025-04-23T20:56:32.979-05:00  INFO 9720 --- [mental-health-chatbot] [restartedMain] c.e.m.MentalHealthChatbotApplication     : Starting MentalHealthChatbotApplication using Java 23.0.1 with PID 9720 (B:\mental-health-chatbot\mental-health-chatbot\target\classes started by start in B:\mental-health-chatbot\mental-health-chatbot)
2025-04-23T20:56:32.980-05:00 DEBUG 9720 --- [mental-health-chatbot] [restartedMain] c.e.m.MentalHealthChatbotApplication     : Running with Spring Boot v3.4.4, Spring v6.2.5
2025-04-23T20:56:32.980-05:00  INFO 9720 --- [mental-health-chatbot] [restartedMain] c.e.m.MentalHealthChatbotApplication     : No active profile set, falling back to 1 default profile: "default"
2025-04-23T20:56:33.110-05:00  INFO 9720 --- [mental-health-chatbot] [restartedMain] .s.d.r.c.RepositoryConfigurationDelegate : Multiple Spring Data modules found, entering strict repository configuration mode
2025-04-23T20:56:33.110-05:00  INFO 9720 --- [mental-health-chatbot] [restartedMain] .s.d.r.c.RepositoryConfigurationDelegate : Bootstrapping Spring Data JPA repositories in DEFAULT mode.
2025-04-23T20:56:33.119-05:00  INFO 9720 --- [mental-health-chatbot] [restartedMain] .s.d.r.c.RepositoryConfigurationDelegate : Finished Spring Data repository scanning in 7 ms. Found 2 JPA repository interfaces.
2025-04-23T20:56:33.188-05:00  INFO 9720 --- [mental-health-chatbot] [restartedMain] o.s.b.w.embedded.tomcat.TomcatWebServer  : Tomcat initialized with port 8081 (http)
2025-04-23T20:56:33.189-05:00  INFO 9720 --- [mental-health-chatbot] [restartedMain] o.apache.catalina.core.StandardService   : Starting service [Tomcat]
2025-04-23T20:56:33.189-05:00  INFO 9720 --- [mental-health-chatbot] [restartedMain] o.apache.catalina.core.StandardEngine    : Starting Servlet engine: [Apache Tomcat/10.1.39]
2025-04-23T20:56:33.219-05:00  INFO 9720 --- [mental-health-chatbot] [restartedMain] o.a.c.c.C.[Tomcat].[localhost].[/]       : Initializing Spring embedded WebApplicationContext
2025-04-23T20:56:33.219-05:00  INFO 9720 --- [mental-health-chatbot] [restartedMain] w.s.c.ServletWebServerApplicationContext : Root WebApplicationContext: initialization completed in 238 ms
2025-04-23T20:56:33.242-05:00  INFO 9720 --- [mental-health-chatbot] [restartedMain] o.hibernate.jpa.internal.util.LogHelper  : HHH000204: Processing PersistenceUnitInfo [name: default]
2025-04-23T20:56:33.245-05:00  INFO 9720 --- [mental-health-chatbot] [restartedMain] o.h.c.internal.RegionFactoryInitiator    : HHH000026: Second-level cache disabled
2025-04-23T20:56:33.250-05:00  INFO 9720 --- [mental-health-chatbot] [restartedMain] o.s.o.j.p.SpringPersistenceUnitInfo      : No LoadTimeWeaver setup: ignoring JPA class transformer
2025-04-23T20:56:33.251-05:00  INFO 9720 --- [mental-health-chatbot] [restartedMain] com.zaxxer.hikari.HikariDataSource       : HikariPool-3 - Starting...
2025-04-23T20:56:33.252-05:00  INFO 9720 --- [mental-health-chatbot] [restartedMain] com.zaxxer.hikari.pool.HikariPool        : HikariPool-3 - Added connection conn20: url=jdbc:h2:file:./data/testdb user=SA
2025-04-23T20:56:33.252-05:00  INFO 9720 --- [mental-health-chatbot] [restartedMain] com.zaxxer.hikari.HikariDataSource       : HikariPool-3 - Start completed.
2025-04-23T20:56:33.252-05:00  WARN 9720 --- [mental-health-chatbot] [restartedMain] org.hibernate.orm.deprecation            : HHH90000025: H2Dialect does not need to be specified explicitly using 'hibernate.dialect' (remove the property setting and it will be selected by default)
2025-04-23T20:56:33.252-05:00  INFO 9720 --- [mental-health-chatbot] [restartedMain] org.hibernate.orm.connections.pooling    : HHH10001005: Database info:
	Database JDBC URL [Connecting through datasource 'HikariDataSource (HikariPool-3)']
	Database driver: undefined/unknown
	Database version: 2.3.232
	Autocommit mode: undefined/unknown
	Isolation level: undefined/unknown
	Minimum pool size: undefined/unknown
	Maximum pool size: undefined/unknown
2025-04-23T20:56:33.282-05:00  INFO 9720 --- [mental-health-chatbot] [restartedMain] o.h.e.t.j.p.i.JtaPlatformInitiator       : HHH000489: No JTA platform available (set 'hibernate.transaction.jta.platform' to enable JTA platform integration)
2025-04-23T20:56:33.284-05:00  INFO 9720 --- [mental-health-chatbot] [restartedMain] j.LocalContainerEntityManagerFactoryBean : Initialized JPA EntityManagerFactory for persistence unit 'default'
2025-04-23T20:56:33.319-05:00  WARN 9720 --- [mental-health-chatbot] [restartedMain] JpaBaseConfiguration$JpaWebConfiguration : spring.jpa.open-in-view is enabled by default. Therefore, database queries may be performed during view rendering. Explicitly configure spring.jpa.open-in-view to disable this warning
2025-04-23T20:56:33.322-05:00  INFO 9720 --- [mental-health-chatbot] [restartedMain] eAuthenticationProviderManagerConfigurer : Global AuthenticationManager configured with AuthenticationProvider bean with name customAuthenticationProvider
2025-04-23T20:56:33.322-05:00  WARN 9720 --- [mental-health-chatbot] [restartedMain] r$InitializeUserDetailsManagerConfigurer : Global AuthenticationManager configured with an AuthenticationProvider bean. UserDetailsService beans will not be used by Spring Security for automatically configuring username/password login. Consider removing the AuthenticationProvider bean. Alternatively, consider using the UserDetailsService in a manually instantiated DaoAuthenticationProvider. If the current configuration is intentional, to turn off this warning, increase the logging level of 'org.springframework.security.config.annotation.authentication.configuration.InitializeUserDetailsBeanManagerConfigurer' to ERROR
2025-04-23T20:56:33.328-05:00  INFO 9720 --- [mental-health-chatbot] [restartedMain] o.s.b.a.w.s.WelcomePageHandlerMapping    : Adding welcome page template: index
2025-04-23T20:56:33.336-05:00 DEBUG 9720 --- [mental-health-chatbot] [restartedMain] s.w.s.m.m.a.RequestMappingHandlerMapping : 13 mappings in 'requestMappingHandlerMapping'
2025-04-23T20:56:33.355-05:00 DEBUG 9720 --- [mental-health-chatbot] [restartedMain] o.s.w.s.handler.SimpleUrlHandlerMapping  : Patterns [/webjars/**, /**] in 'resourceHandlerMapping'
2025-04-23T20:56:33.381-05:00 DEBUG 9720 --- [mental-health-chatbot] [restartedMain] s.w.s.m.m.a.RequestMappingHandlerAdapter : ControllerAdvice beans: 0 @ModelAttribute, 0 @InitBinder, 1 RequestBodyAdvice, 1 ResponseBodyAdvice
2025-04-23T20:56:33.389-05:00 DEBUG 9720 --- [mental-health-chatbot] [restartedMain] .m.m.a.ExceptionHandlerExceptionResolver : ControllerAdvice beans: 0 @ExceptionHandler, 1 ResponseBodyAdvice
2025-04-23T20:56:33.414-05:00  INFO 9720 --- [mental-health-chatbot] [restartedMain] o.s.b.a.h2.H2ConsoleAutoConfiguration    : H2 console available at '/h2-console'. Database available at 'jdbc:h2:file:./data/testdb'
2025-04-23T20:56:33.419-05:00  INFO 9720 --- [mental-health-chatbot] [restartedMain] o.s.b.d.a.OptionalLiveReloadServer       : LiveReload server is running on port 35729
2025-04-23T20:56:33.440-05:00  INFO 9720 --- [mental-health-chatbot] [restartedMain] o.s.b.w.embedded.tomcat.TomcatWebServer  : Tomcat started on port 8081 (http) with context path '/'
2025-04-23T20:56:33.442-05:00  INFO 9720 --- [mental-health-chatbot] [restartedMain] c.e.m.MentalHealthChatbotApplication     : Started MentalHealthChatbotApplication in 0.483 seconds (process running for 136.026)
2025-04-23T20:56:33.442-05:00  INFO 9720 --- [mental-health-chatbot] [restartedMain] .ConditionEvaluationDeltaLoggingListener : Condition evaluation unchanged
2025-04-23T20:56:56.039-05:00  INFO 9720 --- [mental-health-chatbot] [File Watcher] rtingClassPathChangeChangedEventListener : Restarting due to 1 class path change (0 additions, 1 deletion, 0 modifications)
2025-04-23T20:56:56.039-05:00  INFO 9720 --- [mental-health-chatbot] [Thread-40] o.s.b.w.e.tomcat.GracefulShutdown        : Commencing graceful shutdown. Waiting for active requests to complete
2025-04-23T20:56:56.043-05:00  INFO 9720 --- [mental-health-chatbot] [tomcat-shutdown] o.s.b.w.e.tomcat.GracefulShutdown        : Graceful shutdown complete
2025-04-23T20:56:56.045-05:00  INFO 9720 --- [mental-health-chatbot] [Thread-40] j.LocalContainerEntityManagerFactoryBean : Closing JPA EntityManagerFactory for persistence unit 'default'
2025-04-23T20:56:56.046-05:00  INFO 9720 --- [mental-health-chatbot] [Thread-40] com.zaxxer.hikari.HikariDataSource       : HikariPool-3 - Shutdown initiated...
2025-04-23T20:56:56.046-05:00  INFO 9720 --- [mental-health-chatbot] [Thread-40] com.zaxxer.hikari.HikariDataSource       : HikariPool-3 - Shutdown completed.
2025-04-23T20:56:56.094-05:00  INFO 9720 --- [mental-health-chatbot] [restartedMain] c.e.m.MentalHealthChatbotApplication     : Starting MentalHealthChatbotApplication using Java 23.0.1 with PID 9720 (B:\mental-health-chatbot\mental-health-chatbot\target\classes started by start in B:\mental-health-chatbot\mental-health-chatbot)
2025-04-23T20:56:56.094-05:00 DEBUG 9720 --- [mental-health-chatbot] [restartedMain] c.e.m.MentalHealthChatbotApplication     : Running with Spring Boot v3.4.4, Spring v6.2.5
2025-04-23T20:56:56.094-05:00  INFO 9720 --- [mental-health-chatbot] [restartedMain] c.e.m.MentalHealthChatbotApplication     : No active profile set, falling back to 1 default profile: "default"
2025-04-23T20:56:56.247-05:00  INFO 9720 --- [mental-health-chatbot] [restartedMain] .s.d.r.c.RepositoryConfigurationDelegate : Multiple Spring Data modules found, entering strict repository configuration mode
2025-04-23T20:56:56.247-05:00  INFO 9720 --- [mental-health-chatbot] [restartedMain] .s.d.r.c.RepositoryConfigurationDelegate : Bootstrapping Spring Data JPA repositories in DEFAULT mode.
2025-04-23T20:56:56.258-05:00  INFO 9720 --- [mental-health-chatbot] [restartedMain] .s.d.r.c.RepositoryConfigurationDelegate : Finished Spring Data repository scanning in 9 ms. Found 2 JPA repository interfaces.
2025-04-23T20:56:56.371-05:00  INFO 9720 --- [mental-health-chatbot] [restartedMain] o.s.b.w.embedded.tomcat.TomcatWebServer  : Tomcat initialized with port 8081 (http)
2025-04-23T20:56:56.371-05:00  INFO 9720 --- [mental-health-chatbot] [restartedMain] o.apache.catalina.core.StandardService   : Starting service [Tomcat]
2025-04-23T20:56:56.371-05:00  INFO 9720 --- [mental-health-chatbot] [restartedMain] o.apache.catalina.core.StandardEngine    : Starting Servlet engine: [Apache Tomcat/10.1.39]
2025-04-23T20:56:56.411-05:00  INFO 9720 --- [mental-health-chatbot] [restartedMain] o.a.c.c.C.[Tomcat].[localhost].[/]       : Initializing Spring embedded WebApplicationContext
2025-04-23T20:56:56.411-05:00  INFO 9720 --- [mental-health-chatbot] [restartedMain] w.s.c.ServletWebServerApplicationContext : Root WebApplicationContext: initialization completed in 316 ms
2025-04-23T20:56:56.439-05:00  INFO 9720 --- [mental-health-chatbot] [restartedMain] o.hibernate.jpa.internal.util.LogHelper  : HHH000204: Processing PersistenceUnitInfo [name: default]
2025-04-23T20:56:56.441-05:00  INFO 9720 --- [mental-health-chatbot] [restartedMain] o.h.c.internal.RegionFactoryInitiator    : HHH000026: Second-level cache disabled
2025-04-23T20:56:56.446-05:00  INFO 9720 --- [mental-health-chatbot] [restartedMain] o.s.o.j.p.SpringPersistenceUnitInfo      : No LoadTimeWeaver setup: ignoring JPA class transformer
2025-04-23T20:56:56.446-05:00  INFO 9720 --- [mental-health-chatbot] [restartedMain] com.zaxxer.hikari.HikariDataSource       : HikariPool-4 - Starting...
2025-04-23T20:56:56.447-05:00  INFO 9720 --- [mental-health-chatbot] [restartedMain] com.zaxxer.hikari.pool.HikariPool        : HikariPool-4 - Added connection conn30: url=jdbc:h2:file:./data/testdb user=SA
2025-04-23T20:56:56.448-05:00  INFO 9720 --- [mental-health-chatbot] [restartedMain] com.zaxxer.hikari.HikariDataSource       : HikariPool-4 - Start completed.
2025-04-23T20:56:56.448-05:00  WARN 9720 --- [mental-health-chatbot] [restartedMain] org.hibernate.orm.deprecation            : HHH90000025: H2Dialect does not need to be specified explicitly using 'hibernate.dialect' (remove the property setting and it will be selected by default)
2025-04-23T20:56:56.448-05:00  INFO 9720 --- [mental-health-chatbot] [restartedMain] org.hibernate.orm.connections.pooling    : HHH10001005: Database info:
	Database JDBC URL [Connecting through datasource 'HikariDataSource (HikariPool-4)']
	Database driver: undefined/unknown
	Database version: 2.3.232
	Autocommit mode: undefined/unknown
	Isolation level: undefined/unknown
	Minimum pool size: undefined/unknown
	Maximum pool size: undefined/unknown
2025-04-23T20:56:56.490-05:00  INFO 9720 --- [mental-health-chatbot] [restartedMain] o.h.e.t.j.p.i.JtaPlatformInitiator       : HHH000489: No JTA platform available (set 'hibernate.transaction.jta.platform' to enable JTA platform integration)
2025-04-23T20:56:56.491-05:00  INFO 9720 --- [mental-health-chatbot] [restartedMain] j.LocalContainerEntityManagerFactoryBean : Initialized JPA EntityManagerFactory for persistence unit 'default'
2025-04-23T20:56:56.535-05:00  WARN 9720 --- [mental-health-chatbot] [restartedMain] JpaBaseConfiguration$JpaWebConfiguration : spring.jpa.open-in-view is enabled by default. Therefore, database queries may be performed during view rendering. Explicitly configure spring.jpa.open-in-view to disable this warning
2025-04-23T20:56:56.538-05:00  INFO 9720 --- [mental-health-chatbot] [restartedMain] eAuthenticationProviderManagerConfigurer : Global AuthenticationManager configured with AuthenticationProvider bean with name customAuthenticationProvider
2025-04-23T20:56:56.538-05:00  WARN 9720 --- [mental-health-chatbot] [restartedMain] r$InitializeUserDetailsManagerConfigurer : Global AuthenticationManager configured with an AuthenticationProvider bean. UserDetailsService beans will not be used by Spring Security for automatically configuring username/password login. Consider removing the AuthenticationProvider bean. Alternatively, consider using the UserDetailsService in a manually instantiated DaoAuthenticationProvider. If the current configuration is intentional, to turn off this warning, increase the logging level of 'org.springframework.security.config.annotation.authentication.configuration.InitializeUserDetailsBeanManagerConfigurer' to ERROR
2025-04-23T20:56:56.544-05:00  INFO 9720 --- [mental-health-chatbot] [restartedMain] o.s.b.a.w.s.WelcomePageHandlerMapping    : Adding welcome page template: index
2025-04-23T20:56:56.552-05:00 DEBUG 9720 --- [mental-health-chatbot] [restartedMain] s.w.s.m.m.a.RequestMappingHandlerMapping : 13 mappings in 'requestMappingHandlerMapping'
2025-04-23T20:56:56.569-05:00 DEBUG 9720 --- [mental-health-chatbot] [restartedMain] o.s.w.s.handler.SimpleUrlHandlerMapping  : Patterns [/webjars/**, /**] in 'resourceHandlerMapping'
2025-04-23T20:56:56.593-05:00 DEBUG 9720 --- [mental-health-chatbot] [restartedMain] s.w.s.m.m.a.RequestMappingHandlerAdapter : ControllerAdvice beans: 0 @ModelAttribute, 0 @InitBinder, 1 RequestBodyAdvice, 1 ResponseBodyAdvice
2025-04-23T20:56:56.603-05:00 DEBUG 9720 --- [mental-health-chatbot] [restartedMain] .m.m.a.ExceptionHandlerExceptionResolver : ControllerAdvice beans: 0 @ExceptionHandler, 1 ResponseBodyAdvice
2025-04-23T20:56:56.631-05:00  INFO 9720 --- [mental-health-chatbot] [restartedMain] o.s.b.a.h2.H2ConsoleAutoConfiguration    : H2 console available at '/h2-console'. Database available at 'jdbc:h2:file:./data/testdb'
2025-04-23T20:56:56.636-05:00  INFO 9720 --- [mental-health-chatbot] [restartedMain] o.s.b.d.a.OptionalLiveReloadServer       : LiveReload server is running on port 35729
2025-04-23T20:56:56.656-05:00  INFO 9720 --- [mental-health-chatbot] [restartedMain] o.s.b.w.embedded.tomcat.TomcatWebServer  : Tomcat started on port 8081 (http) with context path '/'
2025-04-23T20:56:56.659-05:00  INFO 9720 --- [mental-health-chatbot] [restartedMain] c.e.m.MentalHealthChatbotApplication     : Started MentalHealthChatbotApplication in 0.581 seconds (process running for 159.243)
2025-04-23T20:56:56.660-05:00  INFO 9720 --- [mental-health-chatbot] [restartedMain] .ConditionEvaluationDeltaLoggingListener : Condition evaluation unchanged
2025-04-23T20:56:58.071-05:00  INFO 9720 --- [mental-health-chatbot] [File Watcher] rtingClassPathChangeChangedEventListener : Restarting due to 1 class path change (1 addition, 0 deletions, 0 modifications)
2025-04-23T20:56:58.073-05:00  INFO 9720 --- [mental-health-chatbot] [Thread-58] o.s.b.w.e.tomcat.GracefulShutdown        : Commencing graceful shutdown. Waiting for active requests to complete
2025-04-23T20:56:58.077-05:00  INFO 9720 --- [mental-health-chatbot] [tomcat-shutdown] o.s.b.w.e.tomcat.GracefulShutdown        : Graceful shutdown complete
2025-04-23T20:56:58.079-05:00  INFO 9720 --- [mental-health-chatbot] [Thread-58] j.LocalContainerEntityManagerFactoryBean : Closing JPA EntityManagerFactory for persistence unit 'default'
2025-04-23T20:56:58.080-05:00  INFO 9720 --- [mental-health-chatbot] [Thread-58] com.zaxxer.hikari.HikariDataSource       : HikariPool-4 - Shutdown initiated...
2025-04-23T20:56:58.080-05:00  INFO 9720 --- [mental-health-chatbot] [Thread-58] com.zaxxer.hikari.HikariDataSource       : HikariPool-4 - Shutdown completed.
2025-04-23T20:56:58.123-05:00  INFO 9720 --- [mental-health-chatbot] [restartedMain] c.e.m.MentalHealthChatbotApplication     : Starting MentalHealthChatbotApplication using Java 23.0.1 with PID 9720 (B:\mental-health-chatbot\mental-health-chatbot\target\classes started by start in B:\mental-health-chatbot\mental-health-chatbot)
2025-04-23T20:56:58.123-05:00 DEBUG 9720 --- [mental-health-chatbot] [restartedMain] c.e.m.MentalHealthChatbotApplication     : Running with Spring Boot v3.4.4, Spring v6.2.5
2025-04-23T20:56:58.123-05:00  INFO 9720 --- [mental-health-chatbot] [restartedMain] c.e.m.MentalHealthChatbotApplication     : No active profile set, falling back to 1 default profile: "default"
2025-04-23T20:56:58.259-05:00  INFO 9720 --- [mental-health-chatbot] [restartedMain] .s.d.r.c.RepositoryConfigurationDelegate : Multiple Spring Data modules found, entering strict repository configuration mode
2025-04-23T20:56:58.259-05:00  INFO 9720 --- [mental-health-chatbot] [restartedMain] .s.d.r.c.RepositoryConfigurationDelegate : Bootstrapping Spring Data JPA repositories in DEFAULT mode.
2025-04-23T20:56:58.266-05:00  INFO 9720 --- [mental-health-chatbot] [restartedMain] .s.d.r.c.RepositoryConfigurationDelegate : Finished Spring Data repository scanning in 7 ms. Found 2 JPA repository interfaces.
2025-04-23T20:56:58.340-05:00  INFO 9720 --- [mental-health-chatbot] [restartedMain] o.s.b.w.embedded.tomcat.TomcatWebServer  : Tomcat initialized with port 8081 (http)
2025-04-23T20:56:58.341-05:00  INFO 9720 --- [mental-health-chatbot] [restartedMain] o.apache.catalina.core.StandardService   : Starting service [Tomcat]
2025-04-23T20:56:58.341-05:00  INFO 9720 --- [mental-health-chatbot] [restartedMain] o.apache.catalina.core.StandardEngine    : Starting Servlet engine: [Apache Tomcat/10.1.39]
2025-04-23T20:56:58.369-05:00  INFO 9720 --- [mental-health-chatbot] [restartedMain] o.a.c.c.C.[Tomcat].[localhost].[/]       : Initializing Spring embedded WebApplicationContext
2025-04-23T20:56:58.369-05:00  INFO 9720 --- [mental-health-chatbot] [restartedMain] w.s.c.ServletWebServerApplicationContext : Root WebApplicationContext: initialization completed in 245 ms
2025-04-23T20:56:58.393-05:00  INFO 9720 --- [mental-health-chatbot] [restartedMain] o.hibernate.jpa.internal.util.LogHelper  : HHH000204: Processing PersistenceUnitInfo [name: default]
2025-04-23T20:56:58.394-05:00  INFO 9720 --- [mental-health-chatbot] [restartedMain] o.h.c.internal.RegionFactoryInitiator    : HHH000026: Second-level cache disabled
2025-04-23T20:56:58.399-05:00  INFO 9720 --- [mental-health-chatbot] [restartedMain] o.s.o.j.p.SpringPersistenceUnitInfo      : No LoadTimeWeaver setup: ignoring JPA class transformer
2025-04-23T20:56:58.399-05:00  INFO 9720 --- [mental-health-chatbot] [restartedMain] com.zaxxer.hikari.HikariDataSource       : HikariPool-5 - Starting...
2025-04-23T20:56:58.400-05:00  INFO 9720 --- [mental-health-chatbot] [restartedMain] com.zaxxer.hikari.pool.HikariPool        : HikariPool-5 - Added connection conn40: url=jdbc:h2:file:./data/testdb user=SA
2025-04-23T20:56:58.401-05:00  INFO 9720 --- [mental-health-chatbot] [restartedMain] com.zaxxer.hikari.HikariDataSource       : HikariPool-5 - Start completed.
2025-04-23T20:56:58.401-05:00  WARN 9720 --- [mental-health-chatbot] [restartedMain] org.hibernate.orm.deprecation            : HHH90000025: H2Dialect does not need to be specified explicitly using 'hibernate.dialect' (remove the property setting and it will be selected by default)
2025-04-23T20:56:58.401-05:00  INFO 9720 --- [mental-health-chatbot] [restartedMain] org.hibernate.orm.connections.pooling    : HHH10001005: Database info:
	Database JDBC URL [Connecting through datasource 'HikariDataSource (HikariPool-5)']
	Database driver: undefined/unknown
	Database version: 2.3.232
	Autocommit mode: undefined/unknown
	Isolation level: undefined/unknown
	Minimum pool size: undefined/unknown
	Maximum pool size: undefined/unknown
2025-04-23T20:56:58.440-05:00  INFO 9720 --- [mental-health-chatbot] [restartedMain] o.h.e.t.j.p.i.JtaPlatformInitiator       : HHH000489: No JTA platform available (set 'hibernate.transaction.jta.platform' to enable JTA platform integration)
2025-04-23T20:56:58.441-05:00  INFO 9720 --- [mental-health-chatbot] [restartedMain] j.LocalContainerEntityManagerFactoryBean : Initialized JPA EntityManagerFactory for persistence unit 'default'
2025-04-23T20:56:58.491-05:00  WARN 9720 --- [mental-health-chatbot] [restartedMain] JpaBaseConfiguration$JpaWebConfiguration : spring.jpa.open-in-view is enabled by default. Therefore, database queries may be performed during view rendering. Explicitly configure spring.jpa.open-in-view to disable this warning
2025-04-23T20:56:58.494-05:00  INFO 9720 --- [mental-health-chatbot] [restartedMain] eAuthenticationProviderManagerConfigurer : Global AuthenticationManager configured with AuthenticationProvider bean with name customAuthenticationProvider
2025-04-23T20:56:58.494-05:00  WARN 9720 --- [mental-health-chatbot] [restartedMain] r$InitializeUserDetailsManagerConfigurer : Global AuthenticationManager configured with an AuthenticationProvider bean. UserDetailsService beans will not be used by Spring Security for automatically configuring username/password login. Consider removing the AuthenticationProvider bean. Alternatively, consider using the UserDetailsService in a manually instantiated DaoAuthenticationProvider. If the current configuration is intentional, to turn off this warning, increase the logging level of 'org.springframework.security.config.annotation.authentication.configuration.InitializeUserDetailsBeanManagerConfigurer' to ERROR
2025-04-23T20:56:58.501-05:00  INFO 9720 --- [mental-health-chatbot] [restartedMain] o.s.b.a.w.s.WelcomePageHandlerMapping    : Adding welcome page template: index
2025-04-23T20:56:58.509-05:00 DEBUG 9720 --- [mental-health-chatbot] [restartedMain] s.w.s.m.m.a.RequestMappingHandlerMapping : 13 mappings in 'requestMappingHandlerMapping'
2025-04-23T20:56:58.528-05:00 DEBUG 9720 --- [mental-health-chatbot] [restartedMain] o.s.w.s.handler.SimpleUrlHandlerMapping  : Patterns [/webjars/**, /**] in 'resourceHandlerMapping'
2025-04-23T20:56:58.560-05:00 DEBUG 9720 --- [mental-health-chatbot] [restartedMain] s.w.s.m.m.a.RequestMappingHandlerAdapter : ControllerAdvice beans: 0 @ModelAttribute, 0 @InitBinder, 1 RequestBodyAdvice, 1 ResponseBodyAdvice
2025-04-23T20:56:58.572-05:00 DEBUG 9720 --- [mental-health-chatbot] [restartedMain] .m.m.a.ExceptionHandlerExceptionResolver : ControllerAdvice beans: 0 @ExceptionHandler, 1 ResponseBodyAdvice
2025-04-23T20:56:58.596-05:00  INFO 9720 --- [mental-health-chatbot] [restartedMain] o.s.b.a.h2.H2ConsoleAutoConfiguration    : H2 console available at '/h2-console'. Database available at 'jdbc:h2:file:./data/testdb'
2025-04-23T20:56:58.601-05:00  INFO 9720 --- [mental-health-chatbot] [restartedMain] o.s.b.d.a.OptionalLiveReloadServer       : LiveReload server is running on port 35729
2025-04-23T20:56:58.621-05:00  INFO 9720 --- [mental-health-chatbot] [restartedMain] o.s.b.w.embedded.tomcat.TomcatWebServer  : Tomcat started on port 8081 (http) with context path '/'
2025-04-23T20:56:58.623-05:00  INFO 9720 --- [mental-health-chatbot] [restartedMain] c.e.m.MentalHealthChatbotApplication     : Started MentalHealthChatbotApplication in 0.514 seconds (process running for 161.207)
2025-04-23T20:56:58.625-05:00  INFO 9720 --- [mental-health-chatbot] [restartedMain] .ConditionEvaluationDeltaLoggingListener : Condition evaluation unchanged
2025-04-23T20:57:06.489-05:00  INFO 9720 --- [mental-health-chatbot] [File Watcher] rtingClassPathChangeChangedEventListener : Restarting due to 1 class path change (0 additions, 0 deletions, 1 modification)
2025-04-23T20:57:06.490-05:00  INFO 9720 --- [mental-health-chatbot] [Thread-76] o.s.b.w.e.tomcat.GracefulShutdown        : Commencing graceful shutdown. Waiting for active requests to complete
2025-04-23T20:57:06.493-05:00  INFO 9720 --- [mental-health-chatbot] [tomcat-shutdown] o.s.b.w.e.tomcat.GracefulShutdown        : Graceful shutdown complete
2025-04-23T20:57:06.495-05:00  INFO 9720 --- [mental-health-chatbot] [Thread-76] j.LocalContainerEntityManagerFactoryBean : Closing JPA EntityManagerFactory for persistence unit 'default'
2025-04-23T20:57:06.496-05:00  INFO 9720 --- [mental-health-chatbot] [Thread-76] com.zaxxer.hikari.HikariDataSource       : HikariPool-5 - Shutdown initiated...
2025-04-23T20:57:06.496-05:00  INFO 9720 --- [mental-health-chatbot] [Thread-76] com.zaxxer.hikari.HikariDataSource       : HikariPool-5 - Shutdown completed.
2025-04-23T20:57:06.547-05:00  INFO 9720 --- [mental-health-chatbot] [restartedMain] c.e.m.MentalHealthChatbotApplication     : Starting MentalHealthChatbotApplication using Java 23.0.1 with PID 9720 (B:\mental-health-chatbot\mental-health-chatbot\target\classes started by start in B:\mental-health-chatbot\mental-health-chatbot)
2025-04-23T20:57:06.547-05:00 DEBUG 9720 --- [mental-health-chatbot] [restartedMain] c.e.m.MentalHealthChatbotApplication     : Running with Spring Boot v3.4.4, Spring v6.2.5
2025-04-23T20:57:06.547-05:00  INFO 9720 --- [mental-health-chatbot] [restartedMain] c.e.m.MentalHealthChatbotApplication     : No active profile set, falling back to 1 default profile: "default"
2025-04-23T20:57:06.676-05:00  INFO 9720 --- [mental-health-chatbot] [restartedMain] .s.d.r.c.RepositoryConfigurationDelegate : Multiple Spring Data modules found, entering strict repository configuration mode
2025-04-23T20:57:06.676-05:00  INFO 9720 --- [mental-health-chatbot] [restartedMain] .s.d.r.c.RepositoryConfigurationDelegate : Bootstrapping Spring Data JPA repositories in DEFAULT mode.
2025-04-23T20:57:06.684-05:00  INFO 9720 --- [mental-health-chatbot] [restartedMain] .s.d.r.c.RepositoryConfigurationDelegate : Finished Spring Data repository scanning in 6 ms. Found 2 JPA repository interfaces.
2025-04-23T20:57:06.753-05:00  INFO 9720 --- [mental-health-chatbot] [restartedMain] o.s.b.w.embedded.tomcat.TomcatWebServer  : Tomcat initialized with port 8081 (http)
2025-04-23T20:57:06.753-05:00  INFO 9720 --- [mental-health-chatbot] [restartedMain] o.apache.catalina.core.StandardService   : Starting service [Tomcat]
2025-04-23T20:57:06.754-05:00  INFO 9720 --- [mental-health-chatbot] [restartedMain] o.apache.catalina.core.StandardEngine    : Starting Servlet engine: [Apache Tomcat/10.1.39]
2025-04-23T20:57:06.786-05:00  INFO 9720 --- [mental-health-chatbot] [restartedMain] o.a.c.c.C.[Tomcat].[localhost].[/]       : Initializing Spring embedded WebApplicationContext
2025-04-23T20:57:06.786-05:00  INFO 9720 --- [mental-health-chatbot] [restartedMain] w.s.c.ServletWebServerApplicationContext : Root WebApplicationContext: initialization completed in 238 ms
2025-04-23T20:57:06.811-05:00  INFO 9720 --- [mental-health-chatbot] [restartedMain] o.hibernate.jpa.internal.util.LogHelper  : HHH000204: Processing PersistenceUnitInfo [name: default]
2025-04-23T20:57:06.813-05:00  INFO 9720 --- [mental-health-chatbot] [restartedMain] o.h.c.internal.RegionFactoryInitiator    : HHH000026: Second-level cache disabled
2025-04-23T20:57:06.818-05:00  INFO 9720 --- [mental-health-chatbot] [restartedMain] o.s.o.j.p.SpringPersistenceUnitInfo      : No LoadTimeWeaver setup: ignoring JPA class transformer
2025-04-23T20:57:06.819-05:00  INFO 9720 --- [mental-health-chatbot] [restartedMain] com.zaxxer.hikari.HikariDataSource       : HikariPool-6 - Starting...
2025-04-23T20:57:06.820-05:00  INFO 9720 --- [mental-health-chatbot] [restartedMain] com.zaxxer.hikari.pool.HikariPool        : HikariPool-6 - Added connection conn50: url=jdbc:h2:file:./data/testdb user=SA
2025-04-23T20:57:06.820-05:00  INFO 9720 --- [mental-health-chatbot] [restartedMain] com.zaxxer.hikari.HikariDataSource       : HikariPool-6 - Start completed.
2025-04-23T20:57:06.820-05:00  WARN 9720 --- [mental-health-chatbot] [restartedMain] org.hibernate.orm.deprecation            : HHH90000025: H2Dialect does not need to be specified explicitly using 'hibernate.dialect' (remove the property setting and it will be selected by default)
2025-04-23T20:57:06.820-05:00  INFO 9720 --- [mental-health-chatbot] [restartedMain] org.hibernate.orm.connections.pooling    : HHH10001005: Database info:
	Database JDBC URL [Connecting through datasource 'HikariDataSource (HikariPool-6)']
	Database driver: undefined/unknown
	Database version: 2.3.232
	Autocommit mode: undefined/unknown
	Isolation level: undefined/unknown
	Minimum pool size: undefined/unknown
	Maximum pool size: undefined/unknown
2025-04-23T20:57:06.857-05:00  INFO 9720 --- [mental-health-chatbot] [restartedMain] o.h.e.t.j.p.i.JtaPlatformInitiator       : HHH000489: No JTA platform available (set 'hibernate.transaction.jta.platform' to enable JTA platform integration)
2025-04-23T20:57:06.859-05:00  INFO 9720 --- [mental-health-chatbot] [restartedMain] j.LocalContainerEntityManagerFactoryBean : Initialized JPA EntityManagerFactory for persistence unit 'default'
2025-04-23T20:57:06.897-05:00  WARN 9720 --- [mental-health-chatbot] [restartedMain] JpaBaseConfiguration$JpaWebConfiguration : spring.jpa.open-in-view is enabled by default. Therefore, database queries may be performed during view rendering. Explicitly configure spring.jpa.open-in-view to disable this warning
2025-04-23T20:57:06.901-05:00  INFO 9720 --- [mental-health-chatbot] [restartedMain] eAuthenticationProviderManagerConfigurer : Global AuthenticationManager configured with AuthenticationProvider bean with name customAuthenticationProvider
2025-04-23T20:57:06.901-05:00  WARN 9720 --- [mental-health-chatbot] [restartedMain] r$InitializeUserDetailsManagerConfigurer : Global AuthenticationManager configured with an AuthenticationProvider bean. UserDetailsService beans will not be used by Spring Security for automatically configuring username/password login. Consider removing the AuthenticationProvider bean. Alternatively, consider using the UserDetailsService in a manually instantiated DaoAuthenticationProvider. If the current configuration is intentional, to turn off this warning, increase the logging level of 'org.springframework.security.config.annotation.authentication.configuration.InitializeUserDetailsBeanManagerConfigurer' to ERROR
2025-04-23T20:57:06.907-05:00  INFO 9720 --- [mental-health-chatbot] [restartedMain] o.s.b.a.w.s.WelcomePageHandlerMapping    : Adding welcome page template: index
2025-04-23T20:57:06.913-05:00 DEBUG 9720 --- [mental-health-chatbot] [restartedMain] s.w.s.m.m.a.RequestMappingHandlerMapping : 13 mappings in 'requestMappingHandlerMapping'
2025-04-23T20:57:06.938-05:00 DEBUG 9720 --- [mental-health-chatbot] [restartedMain] o.s.w.s.handler.SimpleUrlHandlerMapping  : Patterns [/webjars/**, /**] in 'resourceHandlerMapping'
2025-04-23T20:57:06.963-05:00 DEBUG 9720 --- [mental-health-chatbot] [restartedMain] s.w.s.m.m.a.RequestMappingHandlerAdapter : ControllerAdvice beans: 0 @ModelAttribute, 0 @InitBinder, 1 RequestBodyAdvice, 1 ResponseBodyAdvice
2025-04-23T20:57:06.970-05:00 DEBUG 9720 --- [mental-health-chatbot] [restartedMain] .m.m.a.ExceptionHandlerExceptionResolver : ControllerAdvice beans: 0 @ExceptionHandler, 1 ResponseBodyAdvice
2025-04-23T20:57:06.993-05:00  INFO 9720 --- [mental-health-chatbot] [restartedMain] o.s.b.a.h2.H2ConsoleAutoConfiguration    : H2 console available at '/h2-console'. Database available at 'jdbc:h2:file:./data/testdb'
2025-04-23T20:57:06.999-05:00  INFO 9720 --- [mental-health-chatbot] [restartedMain] o.s.b.d.a.OptionalLiveReloadServer       : LiveReload server is running on port 35729
2025-04-23T20:57:07.018-05:00  INFO 9720 --- [mental-health-chatbot] [restartedMain] o.s.b.w.embedded.tomcat.TomcatWebServer  : Tomcat started on port 8081 (http) with context path '/'
2025-04-23T20:57:07.020-05:00  INFO 9720 --- [mental-health-chatbot] [restartedMain] c.e.m.MentalHealthChatbotApplication     : Started MentalHealthChatbotApplication in 0.492 seconds (process running for 169.604)
2025-04-23T20:57:07.021-05:00  INFO 9720 --- [mental-health-chatbot] [restartedMain] .ConditionEvaluationDeltaLoggingListener : Condition evaluation unchanged
2025-04-23T20:57:11.823-05:00  INFO 9720 --- [mental-health-chatbot] [File Watcher] rtingClassPathChangeChangedEventListener : Restarting due to 1 class path change (0 additions, 0 deletions, 1 modification)
2025-04-23T20:57:11.823-05:00  INFO 9720 --- [mental-health-chatbot] [Thread-94] o.s.b.w.e.tomcat.GracefulShutdown        : Commencing graceful shutdown. Waiting for active requests to complete
2025-04-23T20:57:11.826-05:00  INFO 9720 --- [mental-health-chatbot] [tomcat-shutdown] o.s.b.w.e.tomcat.GracefulShutdown        : Graceful shutdown complete
2025-04-23T20:57:11.829-05:00  INFO 9720 --- [mental-health-chatbot] [Thread-94] j.LocalContainerEntityManagerFactoryBean : Closing JPA EntityManagerFactory for persistence unit 'default'
2025-04-23T20:57:11.829-05:00  INFO 9720 --- [mental-health-chatbot] [Thread-94] com.zaxxer.hikari.HikariDataSource       : HikariPool-6 - Shutdown initiated...
2025-04-23T20:57:11.829-05:00  INFO 9720 --- [mental-health-chatbot] [Thread-94] com.zaxxer.hikari.HikariDataSource       : HikariPool-6 - Shutdown completed.
2025-04-23T20:57:11.877-05:00  INFO 9720 --- [mental-health-chatbot] [restartedMain] c.e.m.MentalHealthChatbotApplication     : Starting MentalHealthChatbotApplication using Java 23.0.1 with PID 9720 (B:\mental-health-chatbot\mental-health-chatbot\target\classes started by start in B:\mental-health-chatbot\mental-health-chatbot)
2025-04-23T20:57:11.877-05:00 DEBUG 9720 --- [mental-health-chatbot] [restartedMain] c.e.m.MentalHealthChatbotApplication     : Running with Spring Boot v3.4.4, Spring v6.2.5
2025-04-23T20:57:11.877-05:00  INFO 9720 --- [mental-health-chatbot] [restartedMain] c.e.m.MentalHealthChatbotApplication     : No active profile set, falling back to 1 default profile: "default"
2025-04-23T20:57:12.001-05:00  INFO 9720 --- [mental-health-chatbot] [restartedMain] .s.d.r.c.RepositoryConfigurationDelegate : Multiple Spring Data modules found, entering strict repository configuration mode
2025-04-23T20:57:12.001-05:00  INFO 9720 --- [mental-health-chatbot] [restartedMain] .s.d.r.c.RepositoryConfigurationDelegate : Bootstrapping Spring Data JPA repositories in DEFAULT mode.
2025-04-23T20:57:12.009-05:00  INFO 9720 --- [mental-health-chatbot] [restartedMain] .s.d.r.c.RepositoryConfigurationDelegate : Finished Spring Data repository scanning in 6 ms. Found 2 JPA repository interfaces.
2025-04-23T20:57:12.077-05:00  INFO 9720 --- [mental-health-chatbot] [restartedMain] o.s.b.w.embedded.tomcat.TomcatWebServer  : Tomcat initialized with port 8081 (http)
2025-04-23T20:57:12.078-05:00  INFO 9720 --- [mental-health-chatbot] [restartedMain] o.apache.catalina.core.StandardService   : Starting service [Tomcat]
2025-04-23T20:57:12.078-05:00  INFO 9720 --- [mental-health-chatbot] [restartedMain] o.apache.catalina.core.StandardEngine    : Starting Servlet engine: [Apache Tomcat/10.1.39]
2025-04-23T20:57:12.107-05:00  INFO 9720 --- [mental-health-chatbot] [restartedMain] o.a.c.c.C.[Tomcat].[localhost].[/]       : Initializing Spring embedded WebApplicationContext
2025-04-23T20:57:12.108-05:00  INFO 9720 --- [mental-health-chatbot] [restartedMain] w.s.c.ServletWebServerApplicationContext : Root WebApplicationContext: initialization completed in 230 ms
2025-04-23T20:57:12.131-05:00  INFO 9720 --- [mental-health-chatbot] [restartedMain] o.hibernate.jpa.internal.util.LogHelper  : HHH000204: Processing PersistenceUnitInfo [name: default]
2025-04-23T20:57:12.132-05:00  INFO 9720 --- [mental-health-chatbot] [restartedMain] o.h.c.internal.RegionFactoryInitiator    : HHH000026: Second-level cache disabled
2025-04-23T20:57:12.137-05:00  INFO 9720 --- [mental-health-chatbot] [restartedMain] o.s.o.j.p.SpringPersistenceUnitInfo      : No LoadTimeWeaver setup: ignoring JPA class transformer
2025-04-23T20:57:12.138-05:00  INFO 9720 --- [mental-health-chatbot] [restartedMain] com.zaxxer.hikari.HikariDataSource       : HikariPool-7 - Starting...
2025-04-23T20:57:12.139-05:00  INFO 9720 --- [mental-health-chatbot] [restartedMain] com.zaxxer.hikari.pool.HikariPool        : HikariPool-7 - Added connection conn60: url=jdbc:h2:file:./data/testdb user=SA
2025-04-23T20:57:12.139-05:00  INFO 9720 --- [mental-health-chatbot] [restartedMain] com.zaxxer.hikari.HikariDataSource       : HikariPool-7 - Start completed.
2025-04-23T20:57:12.139-05:00  WARN 9720 --- [mental-health-chatbot] [restartedMain] org.hibernate.orm.deprecation            : HHH90000025: H2Dialect does not need to be specified explicitly using 'hibernate.dialect' (remove the property setting and it will be selected by default)
2025-04-23T20:57:12.140-05:00  INFO 9720 --- [mental-health-chatbot] [restartedMain] org.hibernate.orm.connections.pooling    : HHH10001005: Database info:
	Database JDBC URL [Connecting through datasource 'HikariDataSource (HikariPool-7)']
	Database driver: undefined/unknown
	Database version: 2.3.232
	Autocommit mode: undefined/unknown
	Isolation level: undefined/unknown
	Minimum pool size: undefined/unknown
	Maximum pool size: undefined/unknown
2025-04-23T20:57:12.167-05:00  INFO 9720 --- [mental-health-chatbot] [restartedMain] o.h.e.t.j.p.i.JtaPlatformInitiator       : HHH000489: No JTA platform available (set 'hibernate.transaction.jta.platform' to enable JTA platform integration)
2025-04-23T20:57:12.168-05:00  INFO 9720 --- [mental-health-chatbot] [restartedMain] j.LocalContainerEntityManagerFactoryBean : Initialized JPA EntityManagerFactory for persistence unit 'default'
2025-04-23T20:57:12.201-05:00  WARN 9720 --- [mental-health-chatbot] [restartedMain] JpaBaseConfiguration$JpaWebConfiguration : spring.jpa.open-in-view is enabled by default. Therefore, database queries may be performed during view rendering. Explicitly configure spring.jpa.open-in-view to disable this warning
2025-04-23T20:57:12.205-05:00  INFO 9720 --- [mental-health-chatbot] [restartedMain] eAuthenticationProviderManagerConfigurer : Global AuthenticationManager configured with AuthenticationProvider bean with name customAuthenticationProvider
2025-04-23T20:57:12.205-05:00  WARN 9720 --- [mental-health-chatbot] [restartedMain] r$InitializeUserDetailsManagerConfigurer : Global AuthenticationManager configured with an AuthenticationProvider bean. UserDetailsService beans will not be used by Spring Security for automatically configuring username/password login. Consider removing the AuthenticationProvider bean. Alternatively, consider using the UserDetailsService in a manually instantiated DaoAuthenticationProvider. If the current configuration is intentional, to turn off this warning, increase the logging level of 'org.springframework.security.config.annotation.authentication.configuration.InitializeUserDetailsBeanManagerConfigurer' to ERROR
2025-04-23T20:57:12.210-05:00  INFO 9720 --- [mental-health-chatbot] [restartedMain] o.s.b.a.w.s.WelcomePageHandlerMapping    : Adding welcome page template: index
2025-04-23T20:57:12.217-05:00 DEBUG 9720 --- [mental-health-chatbot] [restartedMain] s.w.s.m.m.a.RequestMappingHandlerMapping : 13 mappings in 'requestMappingHandlerMapping'
2025-04-23T20:57:12.232-05:00 DEBUG 9720 --- [mental-health-chatbot] [restartedMain] o.s.w.s.handler.SimpleUrlHandlerMapping  : Patterns [/webjars/**, /**] in 'resourceHandlerMapping'
2025-04-23T20:57:12.261-05:00 DEBUG 9720 --- [mental-health-chatbot] [restartedMain] s.w.s.m.m.a.RequestMappingHandlerAdapter : ControllerAdvice beans: 0 @ModelAttribute, 0 @InitBinder, 1 RequestBodyAdvice, 1 ResponseBodyAdvice
2025-04-23T20:57:12.270-05:00 DEBUG 9720 --- [mental-health-chatbot] [restartedMain] .m.m.a.ExceptionHandlerExceptionResolver : ControllerAdvice beans: 0 @ExceptionHandler, 1 ResponseBodyAdvice
2025-04-23T20:57:12.297-05:00  INFO 9720 --- [mental-health-chatbot] [restartedMain] o.s.b.a.h2.H2ConsoleAutoConfiguration    : H2 console available at '/h2-console'. Database available at 'jdbc:h2:file:./data/testdb'
2025-04-23T20:57:12.303-05:00  INFO 9720 --- [mental-health-chatbot] [restartedMain] o.s.b.d.a.OptionalLiveReloadServer       : LiveReload server is running on port 35729
2025-04-23T20:57:12.322-05:00  INFO 9720 --- [mental-health-chatbot] [restartedMain] o.s.b.w.embedded.tomcat.TomcatWebServer  : Tomcat started on port 8081 (http) with context path '/'
2025-04-23T20:57:12.325-05:00  INFO 9720 --- [mental-health-chatbot] [restartedMain] c.e.m.MentalHealthChatbotApplication     : Started MentalHealthChatbotApplication in 0.463 seconds (process running for 174.908)
2025-04-23T20:57:12.325-05:00  INFO 9720 --- [mental-health-chatbot] [restartedMain] .ConditionEvaluationDeltaLoggingListener : Condition evaluation unchanged
2025-04-23T20:57:46.841-05:00  INFO 9720 --- [mental-health-chatbot] [File Watcher] rtingClassPathChangeChangedEventListener : Restarting due to 1 class path change (0 additions, 1 deletion, 0 modifications)
2025-04-23T20:57:46.842-05:00  INFO 9720 --- [mental-health-chatbot] [Thread-112] o.s.b.w.e.tomcat.GracefulShutdown        : Commencing graceful shutdown. Waiting for active requests to complete
2025-04-23T20:57:46.845-05:00  INFO 9720 --- [mental-health-chatbot] [tomcat-shutdown] o.s.b.w.e.tomcat.GracefulShutdown        : Graceful shutdown complete
2025-04-23T20:57:46.848-05:00  INFO 9720 --- [mental-health-chatbot] [Thread-112] j.LocalContainerEntityManagerFactoryBean : Closing JPA EntityManagerFactory for persistence unit 'default'
2025-04-23T20:57:46.848-05:00  INFO 9720 --- [mental-health-chatbot] [Thread-112] com.zaxxer.hikari.HikariDataSource       : HikariPool-7 - Shutdown initiated...
2025-04-23T20:57:46.848-05:00  INFO 9720 --- [mental-health-chatbot] [Thread-112] com.zaxxer.hikari.HikariDataSource       : HikariPool-7 - Shutdown completed.
2025-04-23T20:57:46.903-05:00  INFO 9720 --- [mental-health-chatbot] [restartedMain] c.e.m.MentalHealthChatbotApplication     : Starting MentalHealthChatbotApplication using Java 23.0.1 with PID 9720 (B:\mental-health-chatbot\mental-health-chatbot\target\classes started by start in B:\mental-health-chatbot\mental-health-chatbot)
2025-04-23T20:57:46.903-05:00 DEBUG 9720 --- [mental-health-chatbot] [restartedMain] c.e.m.MentalHealthChatbotApplication     : Running with Spring Boot v3.4.4, Spring v6.2.5
2025-04-23T20:57:46.903-05:00  INFO 9720 --- [mental-health-chatbot] [restartedMain] c.e.m.MentalHealthChatbotApplication     : No active profile set, falling back to 1 default profile: "default"
2025-04-23T20:57:47.108-05:00  INFO 9720 --- [mental-health-chatbot] [restartedMain] .s.d.r.c.RepositoryConfigurationDelegate : Multiple Spring Data modules found, entering strict repository configuration mode
2025-04-23T20:57:47.108-05:00  INFO 9720 --- [mental-health-chatbot] [restartedMain] .s.d.r.c.RepositoryConfigurationDelegate : Bootstrapping Spring Data JPA repositories in DEFAULT mode.
2025-04-23T20:57:47.115-05:00  INFO 9720 --- [mental-health-chatbot] [restartedMain] .s.d.r.c.RepositoryConfigurationDelegate : Finished Spring Data repository scanning in 6 ms. Found 2 JPA repository interfaces.
2025-04-23T20:57:47.187-05:00  INFO 9720 --- [mental-health-chatbot] [restartedMain] o.s.b.w.embedded.tomcat.TomcatWebServer  : Tomcat initialized with port 8081 (http)
2025-04-23T20:57:47.187-05:00  INFO 9720 --- [mental-health-chatbot] [restartedMain] o.apache.catalina.core.StandardService   : Starting service [Tomcat]
2025-04-23T20:57:47.187-05:00  INFO 9720 --- [mental-health-chatbot] [restartedMain] o.apache.catalina.core.StandardEngine    : Starting Servlet engine: [Apache Tomcat/10.1.39]
2025-04-23T20:57:47.218-05:00  INFO 9720 --- [mental-health-chatbot] [restartedMain] o.a.c.c.C.[Tomcat].[localhost].[/]       : Initializing Spring embedded WebApplicationContext
2025-04-23T20:57:47.218-05:00  INFO 9720 --- [mental-health-chatbot] [restartedMain] w.s.c.ServletWebServerApplicationContext : Root WebApplicationContext: initialization completed in 313 ms
2025-04-23T20:57:47.243-05:00  INFO 9720 --- [mental-health-chatbot] [restartedMain] o.hibernate.jpa.internal.util.LogHelper  : HHH000204: Processing PersistenceUnitInfo [name: default]
2025-04-23T20:57:47.245-05:00  INFO 9720 --- [mental-health-chatbot] [restartedMain] o.h.c.internal.RegionFactoryInitiator    : HHH000026: Second-level cache disabled
2025-04-23T20:57:47.250-05:00  INFO 9720 --- [mental-health-chatbot] [restartedMain] o.s.o.j.p.SpringPersistenceUnitInfo      : No LoadTimeWeaver setup: ignoring JPA class transformer
2025-04-23T20:57:47.251-05:00  INFO 9720 --- [mental-health-chatbot] [restartedMain] com.zaxxer.hikari.HikariDataSource       : HikariPool-8 - Starting...
2025-04-23T20:57:47.252-05:00  INFO 9720 --- [mental-health-chatbot] [restartedMain] com.zaxxer.hikari.pool.HikariPool        : HikariPool-8 - Added connection conn70: url=jdbc:h2:file:./data/testdb user=SA
2025-04-23T20:57:47.252-05:00  INFO 9720 --- [mental-health-chatbot] [restartedMain] com.zaxxer.hikari.HikariDataSource       : HikariPool-8 - Start completed.
2025-04-23T20:57:47.252-05:00  WARN 9720 --- [mental-health-chatbot] [restartedMain] org.hibernate.orm.deprecation            : HHH90000025: H2Dialect does not need to be specified explicitly using 'hibernate.dialect' (remove the property setting and it will be selected by default)
2025-04-23T20:57:47.252-05:00  INFO 9720 --- [mental-health-chatbot] [restartedMain] org.hibernate.orm.connections.pooling    : HHH10001005: Database info:
	Database JDBC URL [Connecting through datasource 'HikariDataSource (HikariPool-8)']
	Database driver: undefined/unknown
	Database version: 2.3.232
	Autocommit mode: undefined/unknown
	Isolation level: undefined/unknown
	Minimum pool size: undefined/unknown
	Maximum pool size: undefined/unknown
2025-04-23T20:57:47.283-05:00  INFO 9720 --- [mental-health-chatbot] [restartedMain] o.h.e.t.j.p.i.JtaPlatformInitiator       : HHH000489: No JTA platform available (set 'hibernate.transaction.jta.platform' to enable JTA platform integration)
2025-04-23T20:57:47.284-05:00  INFO 9720 --- [mental-health-chatbot] [restartedMain] j.LocalContainerEntityManagerFactoryBean : Initialized JPA EntityManagerFactory for persistence unit 'default'
2025-04-23T20:57:47.361-05:00  WARN 9720 --- [mental-health-chatbot] [restartedMain] ConfigServletWebServerApplicationContext : Exception encountered during context initialization - cancelling refresh attempt: org.springframework.beans.factory.BeanCreationException: Error creating bean with name 'chatController' defined in file [B:\mental-health-chatbot\mental-health-chatbot\target\classes\com\example\mental_health_chatbot\controller\ChatController.class]: Post-processing of merged bean definition failed
2025-04-23T20:57:47.361-05:00  INFO 9720 --- [mental-health-chatbot] [restartedMain] j.LocalContainerEntityManagerFactoryBean : Closing JPA EntityManagerFactory for persistence unit 'default'
2025-04-23T20:57:47.362-05:00  INFO 9720 --- [mental-health-chatbot] [restartedMain] com.zaxxer.hikari.HikariDataSource       : HikariPool-8 - Shutdown initiated...
2025-04-23T20:57:47.386-05:00  INFO 9720 --- [mental-health-chatbot] [restartedMain] com.zaxxer.hikari.HikariDataSource       : HikariPool-8 - Shutdown completed.
2025-04-23T20:57:47.386-05:00  INFO 9720 --- [mental-health-chatbot] [restartedMain] o.apache.catalina.core.StandardService   : Stopping service [Tomcat]
2025-04-23T20:57:47.392-05:00  INFO 9720 --- [mental-health-chatbot] [restartedMain] .s.b.a.l.ConditionEvaluationReportLogger : 

Error starting ApplicationContext. To display the condition evaluation report re-run your application with 'debug' enabled.
2025-04-23T20:57:47.411-05:00 ERROR 9720 --- [mental-health-chatbot] [restartedMain] o.s.boot.SpringApplication               : Application run failed

org.springframework.beans.factory.BeanCreationException: Error creating bean with name 'chatController' defined in file [B:\mental-health-chatbot\mental-health-chatbot\target\classes\com\example\mental_health_chatbot\controller\ChatController.class]: Post-processing of merged bean definition failed
	at org.springframework.beans.factory.support.AbstractAutowireCapableBeanFactory.doCreateBean(AbstractAutowireCapableBeanFactory.java:578) ~[spring-beans-6.2.5.jar:6.2.5]
	at org.springframework.beans.factory.support.AbstractAutowireCapableBeanFactory.createBean(AbstractAutowireCapableBeanFactory.java:523) ~[spring-beans-6.2.5.jar:6.2.5]
	at org.springframework.beans.factory.support.AbstractBeanFactory.lambda$doGetBean$0(AbstractBeanFactory.java:339) ~[spring-beans-6.2.5.jar:6.2.5]
	at org.springframework.beans.factory.support.DefaultSingletonBeanRegistry.getSingleton(DefaultSingletonBeanRegistry.java:347) ~[spring-beans-6.2.5.jar:6.2.5]
	at org.springframework.beans.factory.support.AbstractBeanFactory.doGetBean(AbstractBeanFactory.java:337) ~[spring-beans-6.2.5.jar:6.2.5]
	at org.springframework.beans.factory.support.AbstractBeanFactory.getBean(AbstractBeanFactory.java:202) ~[spring-beans-6.2.5.jar:6.2.5]
	at org.springframework.beans.factory.support.DefaultListableBeanFactory.instantiateSingleton(DefaultListableBeanFactory.java:1155) ~[spring-beans-6.2.5.jar:6.2.5]
	at org.springframework.beans.factory.support.DefaultListableBeanFactory.preInstantiateSingleton(DefaultListableBeanFactory.java:1121) ~[spring-beans-6.2.5.jar:6.2.5]
	at org.springframework.beans.factory.support.DefaultListableBeanFactory.preInstantiateSingletons(DefaultListableBeanFactory.java:1056) ~[spring-beans-6.2.5.jar:6.2.5]
	at org.springframework.context.support.AbstractApplicationContext.finishBeanFactoryInitialization(AbstractApplicationContext.java:987) ~[spring-context-6.2.5.jar:6.2.5]
	at org.springframework.context.support.AbstractApplicationContext.refresh(AbstractApplicationContext.java:627) ~[spring-context-6.2.5.jar:6.2.5]
	at org.springframework.boot.web.servlet.context.ServletWebServerApplicationContext.refresh(ServletWebServerApplicationContext.java:146) ~[spring-boot-3.4.4.jar:3.4.4]
	at org.springframework.boot.SpringApplication.refresh(SpringApplication.java:752) ~[spring-boot-3.4.4.jar:3.4.4]
	at org.springframework.boot.SpringApplication.refreshContext(SpringApplication.java:439) ~[spring-boot-3.4.4.jar:3.4.4]
	at org.springframework.boot.SpringApplication.run(SpringApplication.java:318) ~[spring-boot-3.4.4.jar:3.4.4]
	at org.springframework.boot.SpringApplication.run(SpringApplication.java:1361) ~[spring-boot-3.4.4.jar:3.4.4]
	at org.springframework.boot.SpringApplication.run(SpringApplication.java:1350) ~[spring-boot-3.4.4.jar:3.4.4]
	at com.example.mental_health_chatbot.MentalHealthChatbotApplication.main(MentalHealthChatbotApplication.java:10) ~[classes/:na]
	at java.base/jdk.internal.reflect.DirectMethodHandleAccessor.invoke(DirectMethodHandleAccessor.java:103) ~[na:na]
	at java.base/java.lang.reflect.Method.invoke(Method.java:580) ~[na:na]
	at org.springframework.boot.devtools.restart.RestartLauncher.run(RestartLauncher.java:50) ~[spring-boot-devtools-3.4.4.jar:3.4.4]
Caused by: java.lang.IllegalStateException: Failed to introspect Class [com.example.mental_health_chatbot.controller.ChatController] from ClassLoader [org.springframework.boot.devtools.restart.classloader.RestartClassLoader@fa7904]
	at org.springframework.util.ReflectionUtils.getDeclaredFields(ReflectionUtils.java:756) ~[spring-core-6.2.5.jar:6.2.5]
	at org.springframework.util.ReflectionUtils.doWithLocalFields(ReflectionUtils.java:689) ~[spring-core-6.2.5.jar:6.2.5]
	at org.springframework.orm.jpa.support.PersistenceAnnotationBeanPostProcessor.buildPersistenceMetadata(PersistenceAnnotationBeanPostProcessor.java:437) ~[spring-orm-6.2.5.jar:6.2.5]
	at org.springframework.orm.jpa.support.PersistenceAnnotationBeanPostProcessor.findPersistenceMetadata(PersistenceAnnotationBeanPostProcessor.java:418) ~[spring-orm-6.2.5.jar:6.2.5]
	at org.springframework.orm.jpa.support.PersistenceAnnotationBeanPostProcessor.findInjectionMetadata(PersistenceAnnotationBeanPostProcessor.java:377) ~[spring-orm-6.2.5.jar:6.2.5]
	at org.springframework.orm.jpa.support.PersistenceAnnotationBeanPostProcessor.postProcessMergedBeanDefinition(PersistenceAnnotationBeanPostProcessor.java:353) ~[spring-orm-6.2.5.jar:6.2.5]
	at org.springframework.beans.factory.support.AbstractAutowireCapableBeanFactory.applyMergedBeanDefinitionPostProcessors(AbstractAutowireCapableBeanFactory.java:1109) ~[spring-beans-6.2.5.jar:6.2.5]
	at org.springframework.beans.factory.support.AbstractAutowireCapableBeanFactory.doCreateBean(AbstractAutowireCapableBeanFactory.java:575) ~[spring-beans-6.2.5.jar:6.2.5]
	... 20 common frames omitted
Caused by: java.lang.NoClassDefFoundError: com/example/mental_health_chatbot/service/ChatService
	at java.base/java.lang.Class.getDeclaredFields0(Native Method) ~[na:na]
	at java.base/java.lang.Class.privateGetDeclaredFields(Class.java:3545) ~[na:na]
	at java.base/java.lang.Class.getDeclaredFields(Class.java:2601) ~[na:na]
	at org.springframework.util.ReflectionUtils.getDeclaredFields(ReflectionUtils.java:751) ~[spring-core-6.2.5.jar:6.2.5]
	... 27 common frames omitted
Caused by: java.lang.ClassNotFoundException: com.example.mental_health_chatbot.service.ChatService
	at java.base/jdk.internal.loader.BuiltinClassLoader.loadClass(BuiltinClassLoader.java:641) ~[na:na]
	at java.base/jdk.internal.loader.ClassLoaders$AppClassLoader.loadClass(ClassLoaders.java:188) ~[na:na]
	at java.base/java.lang.ClassLoader.loadClass(ClassLoader.java:528) ~[na:na]
	at java.base/java.lang.Class.forName0(Native Method) ~[na:na]
	at java.base/java.lang.Class.forName(Class.java:578) ~[na:na]
	at java.base/java.lang.Class.forName(Class.java:557) ~[na:na]
	at org.springframework.boot.devtools.restart.classloader.RestartClassLoader.loadClass(RestartClassLoader.java:121) ~[spring-boot-devtools-3.4.4.jar:3.4.4]
	at java.base/java.lang.ClassLoader.loadClass(ClassLoader.java:528) ~[na:na]
	... 31 common frames omitted

2025-04-23T20:58:31.009-05:00  INFO 27920 --- [mental-health-chatbot] [restartedMain] c.e.m.MentalHealthChatbotApplication     : Starting MentalHealthChatbotApplication using Java 23.0.1 with PID 27920 (B:\mental-health-chatbot\mental-health-chatbot\target\classes started by start in B:\mental-health-chatbot\mental-health-chatbot)
2025-04-23T20:58:31.011-05:00 DEBUG 27920 --- [mental-health-chatbot] [restartedMain] c.e.m.MentalHealthChatbotApplication     : Running with Spring Boot v3.4.4, Spring v6.2.5
2025-04-23T20:58:31.011-05:00  INFO 27920 --- [mental-health-chatbot] [restartedMain] c.e.m.MentalHealthChatbotApplication     : No active profile set, falling back to 1 default profile: "default"
2025-04-23T20:58:31.046-05:00  INFO 27920 --- [mental-health-chatbot] [restartedMain] .e.DevToolsPropertyDefaultsPostProcessor : Devtools property defaults active! Set 'spring.devtools.add-properties' to 'false' to disable
2025-04-23T20:58:31.046-05:00  INFO 27920 --- [mental-health-chatbot] [restartedMain] .e.DevToolsPropertyDefaultsPostProcessor : For additional web related logging consider setting the 'logging.level.web' property to 'DEBUG'
2025-04-23T20:58:31.576-05:00  INFO 27920 --- [mental-health-chatbot] [restartedMain] .s.d.r.c.RepositoryConfigurationDelegate : Multiple Spring Data modules found, entering strict repository configuration mode
2025-04-23T20:58:31.577-05:00  INFO 27920 --- [mental-health-chatbot] [restartedMain] .s.d.r.c.RepositoryConfigurationDelegate : Bootstrapping Spring Data JPA repositories in DEFAULT mode.
2025-04-23T20:58:31.674-05:00  INFO 27920 --- [mental-health-chatbot] [restartedMain] .s.d.r.c.RepositoryConfigurationDelegate : Finished Spring Data repository scanning in 92 ms. Found 2 JPA repository interfaces.
2025-04-23T20:58:32.042-05:00  INFO 27920 --- [mental-health-chatbot] [restartedMain] o.s.b.w.embedded.tomcat.TomcatWebServer  : Tomcat initialized with port 8081 (http)
2025-04-23T20:58:32.051-05:00  INFO 27920 --- [mental-health-chatbot] [restartedMain] o.apache.catalina.core.StandardService   : Starting service [Tomcat]
2025-04-23T20:58:32.051-05:00  INFO 27920 --- [mental-health-chatbot] [restartedMain] o.apache.catalina.core.StandardEngine    : Starting Servlet engine: [Apache Tomcat/10.1.39]
2025-04-23T20:58:32.102-05:00  INFO 27920 --- [mental-health-chatbot] [restartedMain] o.a.c.c.C.[Tomcat].[localhost].[/]       : Initializing Spring embedded WebApplicationContext
2025-04-23T20:58:32.103-05:00  INFO 27920 --- [mental-health-chatbot] [restartedMain] w.s.c.ServletWebServerApplicationContext : Root WebApplicationContext: initialization completed in 1055 ms
2025-04-23T20:58:32.211-05:00  INFO 27920 --- [mental-health-chatbot] [restartedMain] o.hibernate.jpa.internal.util.LogHelper  : HHH000204: Processing PersistenceUnitInfo [name: default]
2025-04-23T20:58:32.242-05:00  INFO 27920 --- [mental-health-chatbot] [restartedMain] org.hibernate.Version                    : HHH000412: Hibernate ORM core version 6.6.11.Final
2025-04-23T20:58:32.262-05:00  INFO 27920 --- [mental-health-chatbot] [restartedMain] o.h.c.internal.RegionFactoryInitiator    : HHH000026: Second-level cache disabled
2025-04-23T20:58:32.432-05:00  INFO 27920 --- [mental-health-chatbot] [restartedMain] o.s.o.j.p.SpringPersistenceUnitInfo      : No LoadTimeWeaver setup: ignoring JPA class transformer
2025-04-23T20:58:32.450-05:00  INFO 27920 --- [mental-health-chatbot] [restartedMain] com.zaxxer.hikari.HikariDataSource       : HikariPool-1 - Starting...
2025-04-23T20:58:32.599-05:00  INFO 27920 --- [mental-health-chatbot] [restartedMain] com.zaxxer.hikari.pool.HikariPool        : HikariPool-1 - Added connection conn0: url=jdbc:h2:file:./data/testdb user=SA
2025-04-23T20:58:32.600-05:00  INFO 27920 --- [mental-health-chatbot] [restartedMain] com.zaxxer.hikari.HikariDataSource       : HikariPool-1 - Start completed.
2025-04-23T20:58:32.615-05:00  WARN 27920 --- [mental-health-chatbot] [restartedMain] org.hibernate.orm.deprecation            : HHH90000025: H2Dialect does not need to be specified explicitly using 'hibernate.dialect' (remove the property setting and it will be selected by default)
2025-04-23T20:58:32.627-05:00  INFO 27920 --- [mental-health-chatbot] [restartedMain] org.hibernate.orm.connections.pooling    : HHH10001005: Database info:
	Database JDBC URL [Connecting through datasource 'HikariDataSource (HikariPool-1)']
	Database driver: undefined/unknown
	Database version: 2.3.232
	Autocommit mode: undefined/unknown
	Isolation level: undefined/unknown
	Minimum pool size: undefined/unknown
	Maximum pool size: undefined/unknown
2025-04-23T20:58:33.146-05:00  INFO 27920 --- [mental-health-chatbot] [restartedMain] o.h.e.t.j.p.i.JtaPlatformInitiator       : HHH000489: No JTA platform available (set 'hibernate.transaction.jta.platform' to enable JTA platform integration)
2025-04-23T20:58:33.178-05:00  INFO 27920 --- [mental-health-chatbot] [restartedMain] j.LocalContainerEntityManagerFactoryBean : Initialized JPA EntityManagerFactory for persistence unit 'default'
2025-04-23T20:58:33.382-05:00  WARN 27920 --- [mental-health-chatbot] [restartedMain] JpaBaseConfiguration$JpaWebConfiguration : spring.jpa.open-in-view is enabled by default. Therefore, database queries may be performed during view rendering. Explicitly configure spring.jpa.open-in-view to disable this warning
2025-04-23T20:58:33.392-05:00  INFO 27920 --- [mental-health-chatbot] [restartedMain] eAuthenticationProviderManagerConfigurer : Global AuthenticationManager configured with AuthenticationProvider bean with name customAuthenticationProvider
2025-04-23T20:58:33.392-05:00  WARN 27920 --- [mental-health-chatbot] [restartedMain] r$InitializeUserDetailsManagerConfigurer : Global AuthenticationManager configured with an AuthenticationProvider bean. UserDetailsService beans will not be used by Spring Security for automatically configuring username/password login. Consider removing the AuthenticationProvider bean. Alternatively, consider using the UserDetailsService in a manually instantiated DaoAuthenticationProvider. If the current configuration is intentional, to turn off this warning, increase the logging level of 'org.springframework.security.config.annotation.authentication.configuration.InitializeUserDetailsBeanManagerConfigurer' to ERROR
2025-04-23T20:58:33.443-05:00  INFO 27920 --- [mental-health-chatbot] [restartedMain] o.s.b.a.w.s.WelcomePageHandlerMapping    : Adding welcome page template: index
2025-04-23T20:58:33.484-05:00 DEBUG 27920 --- [mental-health-chatbot] [restartedMain] s.w.s.m.m.a.RequestMappingHandlerMapping : 13 mappings in 'requestMappingHandlerMapping'
2025-04-23T20:58:33.528-05:00 DEBUG 27920 --- [mental-health-chatbot] [restartedMain] o.s.w.s.handler.SimpleUrlHandlerMapping  : Patterns [/webjars/**, /**] in 'resourceHandlerMapping'
2025-04-23T20:58:33.611-05:00 DEBUG 27920 --- [mental-health-chatbot] [restartedMain] s.w.s.m.m.a.RequestMappingHandlerAdapter : ControllerAdvice beans: 0 @ModelAttribute, 0 @InitBinder, 1 RequestBodyAdvice, 1 ResponseBodyAdvice
2025-04-23T20:58:33.658-05:00 DEBUG 27920 --- [mental-health-chatbot] [restartedMain] .m.m.a.ExceptionHandlerExceptionResolver : ControllerAdvice beans: 0 @ExceptionHandler, 1 ResponseBodyAdvice
2025-04-23T20:58:33.860-05:00  INFO 27920 --- [mental-health-chatbot] [restartedMain] o.s.b.a.h2.H2ConsoleAutoConfiguration    : H2 console available at '/h2-console'. Database available at 'jdbc:h2:file:./data/testdb'
2025-04-23T20:58:33.882-05:00  INFO 27920 --- [mental-health-chatbot] [restartedMain] o.s.b.d.a.OptionalLiveReloadServer       : LiveReload server is running on port 35729
2025-04-23T20:58:33.984-05:00  INFO 27920 --- [mental-health-chatbot] [restartedMain] o.s.b.w.embedded.tomcat.TomcatWebServer  : Tomcat started on port 8081 (http) with context path '/'
2025-04-23T20:58:33.990-05:00  INFO 27920 --- [mental-health-chatbot] [restartedMain] c.e.m.MentalHealthChatbotApplication     : Started MentalHealthChatbotApplication in 3.278 seconds (process running for 3.894)
2025-04-23T21:12:54.115-05:00  INFO 27920 --- [mental-health-chatbot] [SpringApplicationShutdownHook] o.s.b.w.e.tomcat.GracefulShutdown        : Commencing graceful shutdown. Waiting for active requests to complete
2025-04-23T21:12:54.118-05:00  INFO 27920 --- [mental-health-chatbot] [tomcat-shutdown] o.s.b.w.e.tomcat.GracefulShutdown        : Graceful shutdown complete
2025-04-23T21:12:54.134-05:00  INFO 27920 --- [mental-health-chatbot] [SpringApplicationShutdownHook] j.LocalContainerEntityManagerFactoryBean : Closing JPA EntityManagerFactory for persistence unit 'default'
2025-04-23T21:12:54.136-05:00  INFO 27920 --- [mental-health-chatbot] [SpringApplicationShutdownHook] com.zaxxer.hikari.HikariDataSource       : HikariPool-1 - Shutdown initiated...
2025-04-23T21:12:54.137-05:00  INFO 27920 --- [mental-health-chatbot] [SpringApplicationShutdownHook] com.zaxxer.hikari.HikariDataSource       : HikariPool-1 - Shutdown completed.
